[2025-03-26 04:56:58] local.ERROR: SQLSTATE[HY000]: General error: 1 no such table: telescope_entries (Connection: sqlite, SQL: insert into "telescope_entries" ("batch_id", "content", "created_at", "family_hash", "type", "uuid") values (9e859114-23de-46a2-84ec-723fb49c4c5e, {"command":"key:generate","exit_code":0,"arguments":{"command":"key:generate"},"options":{"show":false,"force":false,"help":false,"silent":false,"quiet":false,"verbose":false,"version":false,"ansi":null,"no-interaction":false,"env":null},"hostname":"piseys-iMac.local"}, 2025-03-26 04:56:58, ?, command, 9e859114-2192-4ef2-a073-e7df909c171c)) {"exception":"[object] (Illuminate\\Database\\QueryException(code: HY000): SQLSTATE[HY000]: General error: 1 no such table: telescope_entries (Connection: sqlite, SQL: insert into \"telescope_entries\" (\"batch_id\", \"content\", \"created_at\", \"family_hash\", \"type\", \"uuid\") values (9e859114-23de-46a2-84ec-723fb49c4c5e, {\"command\":\"key:generate\",\"exit_code\":0,\"arguments\":{\"command\":\"key:generate\"},\"options\":{\"show\":false,\"force\":false,\"help\":false,\"silent\":false,\"quiet\":false,\"verbose\":false,\"version\":false,\"ansi\":null,\"no-interaction\":false,\"env\":null},\"hostname\":\"piseys-iMac.local\"}, 2025-03-26 04:56:58, ?, command, 9e859114-2192-4ef2-a073-e7df909c171c)) at /Users/pisey/Documents/001-Pisey/001-Projects/002-Laravel/projects/laravelDaily/laravel-api-flutter/laravel-api/vendor/laravel/framework/src/Illuminate/Database/Connection.php:823)
[stacktrace]
#0 /Users/pisey/Documents/001-Pisey/001-Projects/002-Laravel/projects/laravelDaily/laravel-api-flutter/laravel-api/vendor/laravel/framework/src/Illuminate/Database/Connection.php(777): Illuminate\\Database\\Connection->runQueryCallback('insert into \"te...', Array, Object(Closure))
#1 /Users/pisey/Documents/001-Pisey/001-Projects/002-Laravel/projects/laravelDaily/laravel-api-flutter/laravel-api/vendor/laravel/framework/src/Illuminate/Database/Connection.php(558): Illuminate\\Database\\Connection->run('insert into \"te...', Array, Object(Closure))
#2 /Users/pisey/Documents/001-Pisey/001-Projects/002-Laravel/projects/laravelDaily/laravel-api-flutter/laravel-api/vendor/laravel/framework/src/Illuminate/Database/Connection.php(522): Illuminate\\Database\\Connection->statement('insert into \"te...', Array)
#3 /Users/pisey/Documents/001-Pisey/001-Projects/002-Laravel/projects/laravelDaily/laravel-api-flutter/laravel-api/vendor/laravel/framework/src/Illuminate/Database/Query/Builder.php(3718): Illuminate\\Database\\Connection->insert('insert into \"te...', Array)
#4 /Users/pisey/Documents/001-Pisey/001-Projects/002-Laravel/projects/laravelDaily/laravel-api-flutter/laravel-api/vendor/laravel/telescope/src/Storage/DatabaseEntriesRepository.php(145): Illuminate\\Database\\Query\\Builder->insert(Array)
#5 /Users/pisey/Documents/001-Pisey/001-Projects/002-Laravel/projects/laravelDaily/laravel-api-flutter/laravel-api/vendor/laravel/framework/src/Illuminate/Collections/Traits/EnumeratesValues.php(261): Laravel\\Telescope\\Storage\\DatabaseEntriesRepository->Laravel\\Telescope\\Storage\\{closure}(Object(Illuminate\\Support\\Collection), 0)
#6 /Users/pisey/Documents/001-Pisey/001-Projects/002-Laravel/projects/laravelDaily/laravel-api-flutter/laravel-api/vendor/laravel/telescope/src/Storage/DatabaseEntriesRepository.php(144): Illuminate\\Support\\Collection->each(Object(Closure))
#7 /Users/pisey/Documents/001-Pisey/001-Projects/002-Laravel/projects/laravelDaily/laravel-api-flutter/laravel-api/vendor/laravel/telescope/src/Telescope.php(661): Laravel\\Telescope\\Storage\\DatabaseEntriesRepository->store(Object(Illuminate\\Support\\Collection))
#8 [internal function]: Laravel\\Telescope\\Telescope::Laravel\\Telescope\\{closure}()
#9 /Users/pisey/Documents/001-Pisey/001-Projects/002-Laravel/projects/laravelDaily/laravel-api-flutter/laravel-api/vendor/laravel/telescope/src/Telescope.php(286): call_user_func(Object(Closure))
#10 /Users/pisey/Documents/001-Pisey/001-Projects/002-Laravel/projects/laravelDaily/laravel-api-flutter/laravel-api/vendor/laravel/telescope/src/Telescope.php(653): Laravel\\Telescope\\Telescope::withoutRecording(Object(Closure))
#11 /Users/pisey/Documents/001-Pisey/001-Projects/002-Laravel/projects/laravelDaily/laravel-api-flutter/laravel-api/vendor/laravel/telescope/src/ListensForStorageOpportunities.php(65): Laravel\\Telescope\\Telescope::store(Object(Laravel\\Telescope\\Storage\\DatabaseEntriesRepository))
#12 /Users/pisey/Documents/001-Pisey/001-Projects/002-Laravel/projects/laravelDaily/laravel-api-flutter/laravel-api/vendor/laravel/framework/src/Illuminate/Container/BoundMethod.php(36): Laravel\\Telescope\\Telescope::Laravel\\Telescope\\{closure}()
#13 /Users/pisey/Documents/001-Pisey/001-Projects/002-Laravel/projects/laravelDaily/laravel-api-flutter/laravel-api/vendor/laravel/framework/src/Illuminate/Container/Util.php(43): Illuminate\\Container\\BoundMethod::Illuminate\\Container\\{closure}()
#14 /Users/pisey/Documents/001-Pisey/001-Projects/002-Laravel/projects/laravelDaily/laravel-api-flutter/laravel-api/vendor/laravel/framework/src/Illuminate/Container/BoundMethod.php(84): Illuminate\\Container\\Util::unwrapIfClosure(Object(Closure))
#15 /Users/pisey/Documents/001-Pisey/001-Projects/002-Laravel/projects/laravelDaily/laravel-api-flutter/laravel-api/vendor/laravel/framework/src/Illuminate/Container/BoundMethod.php(35): Illuminate\\Container\\BoundMethod::callBoundMethod(Object(Illuminate\\Foundation\\Application), Object(Closure), Object(Closure))
#16 /Users/pisey/Documents/001-Pisey/001-Projects/002-Laravel/projects/laravelDaily/laravel-api-flutter/laravel-api/vendor/laravel/framework/src/Illuminate/Container/Container.php(754): Illuminate\\Container\\BoundMethod::call(Object(Illuminate\\Foundation\\Application), Object(Closure), Array, NULL)
#17 /Users/pisey/Documents/001-Pisey/001-Projects/002-Laravel/projects/laravelDaily/laravel-api-flutter/laravel-api/vendor/laravel/framework/src/Illuminate/Foundation/Application.php(1452): Illuminate\\Container\\Container->call(Object(Closure))
#18 /Users/pisey/Documents/001-Pisey/001-Projects/002-Laravel/projects/laravelDaily/laravel-api-flutter/laravel-api/vendor/laravel/framework/src/Illuminate/Foundation/Console/Kernel.php(219): Illuminate\\Foundation\\Application->terminate()
#19 /Users/pisey/Documents/001-Pisey/001-Projects/002-Laravel/projects/laravelDaily/laravel-api-flutter/laravel-api/vendor/laravel/framework/src/Illuminate/Foundation/Application.php(1240): Illuminate\\Foundation\\Console\\Kernel->terminate(Object(Symfony\\Component\\Console\\Input\\ArgvInput), 0)
#20 /Users/pisey/Documents/001-Pisey/001-Projects/002-Laravel/projects/laravelDaily/laravel-api-flutter/laravel-api/artisan(16): Illuminate\\Foundation\\Application->handleCommand(Object(Symfony\\Component\\Console\\Input\\ArgvInput))
#21 {main}

[previous exception] [object] (PDOException(code: HY000): SQLSTATE[HY000]: General error: 1 no such table: telescope_entries at /Users/pisey/Documents/001-Pisey/001-Projects/002-Laravel/projects/laravelDaily/laravel-api-flutter/laravel-api/vendor/laravel/framework/src/Illuminate/Database/Connection.php:563)
[stacktrace]
#0 /Users/pisey/Documents/001-Pisey/001-Projects/002-Laravel/projects/laravelDaily/laravel-api-flutter/laravel-api/vendor/laravel/framework/src/Illuminate/Database/Connection.php(563): PDO->prepare('insert into \"te...')
#1 /Users/pisey/Documents/001-Pisey/001-Projects/002-Laravel/projects/laravelDaily/laravel-api-flutter/laravel-api/vendor/laravel/framework/src/Illuminate/Database/Connection.php(810): Illuminate\\Database\\Connection->Illuminate\\Database\\{closure}('insert into \"te...', Array)
#2 /Users/pisey/Documents/001-Pisey/001-Projects/002-Laravel/projects/laravelDaily/laravel-api-flutter/laravel-api/vendor/laravel/framework/src/Illuminate/Database/Connection.php(777): Illuminate\\Database\\Connection->runQueryCallback('insert into \"te...', Array, Object(Closure))
#3 /Users/pisey/Documents/001-Pisey/001-Projects/002-Laravel/projects/laravelDaily/laravel-api-flutter/laravel-api/vendor/laravel/framework/src/Illuminate/Database/Connection.php(558): Illuminate\\Database\\Connection->run('insert into \"te...', Array, Object(Closure))
#4 /Users/pisey/Documents/001-Pisey/001-Projects/002-Laravel/projects/laravelDaily/laravel-api-flutter/laravel-api/vendor/laravel/framework/src/Illuminate/Database/Connection.php(522): Illuminate\\Database\\Connection->statement('insert into \"te...', Array)
#5 /Users/pisey/Documents/001-Pisey/001-Projects/002-Laravel/projects/laravelDaily/laravel-api-flutter/laravel-api/vendor/laravel/framework/src/Illuminate/Database/Query/Builder.php(3718): Illuminate\\Database\\Connection->insert('insert into \"te...', Array)
#6 /Users/pisey/Documents/001-Pisey/001-Projects/002-Laravel/projects/laravelDaily/laravel-api-flutter/laravel-api/vendor/laravel/telescope/src/Storage/DatabaseEntriesRepository.php(145): Illuminate\\Database\\Query\\Builder->insert(Array)
#7 /Users/pisey/Documents/001-Pisey/001-Projects/002-Laravel/projects/laravelDaily/laravel-api-flutter/laravel-api/vendor/laravel/framework/src/Illuminate/Collections/Traits/EnumeratesValues.php(261): Laravel\\Telescope\\Storage\\DatabaseEntriesRepository->Laravel\\Telescope\\Storage\\{closure}(Object(Illuminate\\Support\\Collection), 0)
#8 /Users/pisey/Documents/001-Pisey/001-Projects/002-Laravel/projects/laravelDaily/laravel-api-flutter/laravel-api/vendor/laravel/telescope/src/Storage/DatabaseEntriesRepository.php(144): Illuminate\\Support\\Collection->each(Object(Closure))
#9 /Users/pisey/Documents/001-Pisey/001-Projects/002-Laravel/projects/laravelDaily/laravel-api-flutter/laravel-api/vendor/laravel/telescope/src/Telescope.php(661): Laravel\\Telescope\\Storage\\DatabaseEntriesRepository->store(Object(Illuminate\\Support\\Collection))
#10 [internal function]: Laravel\\Telescope\\Telescope::Laravel\\Telescope\\{closure}()
#11 /Users/pisey/Documents/001-Pisey/001-Projects/002-Laravel/projects/laravelDaily/laravel-api-flutter/laravel-api/vendor/laravel/telescope/src/Telescope.php(286): call_user_func(Object(Closure))
#12 /Users/pisey/Documents/001-Pisey/001-Projects/002-Laravel/projects/laravelDaily/laravel-api-flutter/laravel-api/vendor/laravel/telescope/src/Telescope.php(653): Laravel\\Telescope\\Telescope::withoutRecording(Object(Closure))
#13 /Users/pisey/Documents/001-Pisey/001-Projects/002-Laravel/projects/laravelDaily/laravel-api-flutter/laravel-api/vendor/laravel/telescope/src/ListensForStorageOpportunities.php(65): Laravel\\Telescope\\Telescope::store(Object(Laravel\\Telescope\\Storage\\DatabaseEntriesRepository))
#14 /Users/pisey/Documents/001-Pisey/001-Projects/002-Laravel/projects/laravelDaily/laravel-api-flutter/laravel-api/vendor/laravel/framework/src/Illuminate/Container/BoundMethod.php(36): Laravel\\Telescope\\Telescope::Laravel\\Telescope\\{closure}()
#15 /Users/pisey/Documents/001-Pisey/001-Projects/002-Laravel/projects/laravelDaily/laravel-api-flutter/laravel-api/vendor/laravel/framework/src/Illuminate/Container/Util.php(43): Illuminate\\Container\\BoundMethod::Illuminate\\Container\\{closure}()
#16 /Users/pisey/Documents/001-Pisey/001-Projects/002-Laravel/projects/laravelDaily/laravel-api-flutter/laravel-api/vendor/laravel/framework/src/Illuminate/Container/BoundMethod.php(84): Illuminate\\Container\\Util::unwrapIfClosure(Object(Closure))
#17 /Users/pisey/Documents/001-Pisey/001-Projects/002-Laravel/projects/laravelDaily/laravel-api-flutter/laravel-api/vendor/laravel/framework/src/Illuminate/Container/BoundMethod.php(35): Illuminate\\Container\\BoundMethod::callBoundMethod(Object(Illuminate\\Foundation\\Application), Object(Closure), Object(Closure))
#18 /Users/pisey/Documents/001-Pisey/001-Projects/002-Laravel/projects/laravelDaily/laravel-api-flutter/laravel-api/vendor/laravel/framework/src/Illuminate/Container/Container.php(754): Illuminate\\Container\\BoundMethod::call(Object(Illuminate\\Foundation\\Application), Object(Closure), Array, NULL)
#19 /Users/pisey/Documents/001-Pisey/001-Projects/002-Laravel/projects/laravelDaily/laravel-api-flutter/laravel-api/vendor/laravel/framework/src/Illuminate/Foundation/Application.php(1452): Illuminate\\Container\\Container->call(Object(Closure))
#20 /Users/pisey/Documents/001-Pisey/001-Projects/002-Laravel/projects/laravelDaily/laravel-api-flutter/laravel-api/vendor/laravel/framework/src/Illuminate/Foundation/Console/Kernel.php(219): Illuminate\\Foundation\\Application->terminate()
#21 /Users/pisey/Documents/001-Pisey/001-Projects/002-Laravel/projects/laravelDaily/laravel-api-flutter/laravel-api/vendor/laravel/framework/src/Illuminate/Foundation/Application.php(1240): Illuminate\\Foundation\\Console\\Kernel->terminate(Object(Symfony\\Component\\Console\\Input\\ArgvInput), 0)
#22 /Users/pisey/Documents/001-Pisey/001-Projects/002-Laravel/projects/laravelDaily/laravel-api-flutter/laravel-api/artisan(16): Illuminate\\Foundation\\Application->handleCommand(Object(Symfony\\Component\\Console\\Input\\ArgvInput))
#23 {main}
"} 
[2025-03-26 04:56:59] local.ERROR: SQLSTATE[HY000]: General error: 1 no such table: cache (Connection: sqlite, SQL: delete from "cache") {"exception":"[object] (Illuminate\\Database\\QueryException(code: HY000): SQLSTATE[HY000]: General error: 1 no such table: cache (Connection: sqlite, SQL: delete from \"cache\") at /Users/pisey/Documents/001-Pisey/001-Projects/002-Laravel/projects/laravelDaily/laravel-api-flutter/laravel-api/vendor/laravel/framework/src/Illuminate/Database/Connection.php:823)
[stacktrace]
#0 /Users/pisey/Documents/001-Pisey/001-Projects/002-Laravel/projects/laravelDaily/laravel-api-flutter/laravel-api/vendor/laravel/framework/src/Illuminate/Database/Connection.php(777): Illuminate\\Database\\Connection->runQueryCallback('delete from \"ca...', Array, Object(Closure))
#1 /Users/pisey/Documents/001-Pisey/001-Projects/002-Laravel/projects/laravelDaily/laravel-api-flutter/laravel-api/vendor/laravel/framework/src/Illuminate/Database/Connection.php(582): Illuminate\\Database\\Connection->run('delete from \"ca...', Array, Object(Closure))
#2 /Users/pisey/Documents/001-Pisey/001-Projects/002-Laravel/projects/laravelDaily/laravel-api-flutter/laravel-api/vendor/laravel/framework/src/Illuminate/Database/Connection.php(546): Illuminate\\Database\\Connection->affectingStatement('delete from \"ca...', Array)
#3 /Users/pisey/Documents/001-Pisey/001-Projects/002-Laravel/projects/laravelDaily/laravel-api-flutter/laravel-api/vendor/laravel/framework/src/Illuminate/Database/Query/Builder.php(4025): Illuminate\\Database\\Connection->delete('delete from \"ca...', Array)
#4 /Users/pisey/Documents/001-Pisey/001-Projects/002-Laravel/projects/laravelDaily/laravel-api-flutter/laravel-api/vendor/laravel/framework/src/Illuminate/Cache/DatabaseStore.php(422): Illuminate\\Database\\Query\\Builder->delete()
#5 /Users/pisey/Documents/001-Pisey/001-Projects/002-Laravel/projects/laravelDaily/laravel-api-flutter/laravel-api/vendor/laravel/framework/src/Illuminate/Cache/Repository.php(794): Illuminate\\Cache\\DatabaseStore->flush()
#6 /Users/pisey/Documents/001-Pisey/001-Projects/002-Laravel/projects/laravelDaily/laravel-api-flutter/laravel-api/vendor/laravel/framework/src/Illuminate/Cache/Console/ClearCommand.php(69): Illuminate\\Cache\\Repository->__call('flush', Array)
#7 /Users/pisey/Documents/001-Pisey/001-Projects/002-Laravel/projects/laravelDaily/laravel-api-flutter/laravel-api/vendor/laravel/framework/src/Illuminate/Container/BoundMethod.php(36): Illuminate\\Cache\\Console\\ClearCommand->handle()
#8 /Users/pisey/Documents/001-Pisey/001-Projects/002-Laravel/projects/laravelDaily/laravel-api-flutter/laravel-api/vendor/laravel/framework/src/Illuminate/Container/Util.php(43): Illuminate\\Container\\BoundMethod::Illuminate\\Container\\{closure}()
#9 /Users/pisey/Documents/001-Pisey/001-Projects/002-Laravel/projects/laravelDaily/laravel-api-flutter/laravel-api/vendor/laravel/framework/src/Illuminate/Container/BoundMethod.php(96): Illuminate\\Container\\Util::unwrapIfClosure(Object(Closure))
#10 /Users/pisey/Documents/001-Pisey/001-Projects/002-Laravel/projects/laravelDaily/laravel-api-flutter/laravel-api/vendor/laravel/framework/src/Illuminate/Container/BoundMethod.php(35): Illuminate\\Container\\BoundMethod::callBoundMethod(Object(Illuminate\\Foundation\\Application), Array, Object(Closure))
#11 /Users/pisey/Documents/001-Pisey/001-Projects/002-Laravel/projects/laravelDaily/laravel-api-flutter/laravel-api/vendor/laravel/framework/src/Illuminate/Container/Container.php(754): Illuminate\\Container\\BoundMethod::call(Object(Illuminate\\Foundation\\Application), Array, Array, NULL)
#12 /Users/pisey/Documents/001-Pisey/001-Projects/002-Laravel/projects/laravelDaily/laravel-api-flutter/laravel-api/vendor/laravel/framework/src/Illuminate/Console/Command.php(213): Illuminate\\Container\\Container->call(Array)
#13 /Users/pisey/Documents/001-Pisey/001-Projects/002-Laravel/projects/laravelDaily/laravel-api-flutter/laravel-api/vendor/symfony/console/Command/Command.php(279): Illuminate\\Console\\Command->execute(Object(Symfony\\Component\\Console\\Input\\ArgvInput), Object(Illuminate\\Console\\OutputStyle))
#14 /Users/pisey/Documents/001-Pisey/001-Projects/002-Laravel/projects/laravelDaily/laravel-api-flutter/laravel-api/vendor/laravel/framework/src/Illuminate/Console/Command.php(182): Symfony\\Component\\Console\\Command\\Command->run(Object(Symfony\\Component\\Console\\Input\\ArgvInput), Object(Illuminate\\Console\\OutputStyle))
#15 /Users/pisey/Documents/001-Pisey/001-Projects/002-Laravel/projects/laravelDaily/laravel-api-flutter/laravel-api/vendor/symfony/console/Application.php(1094): Illuminate\\Console\\Command->run(Object(Symfony\\Component\\Console\\Input\\ArgvInput), Object(Symfony\\Component\\Console\\Output\\ConsoleOutput))
#16 /Users/pisey/Documents/001-Pisey/001-Projects/002-Laravel/projects/laravelDaily/laravel-api-flutter/laravel-api/vendor/symfony/console/Application.php(342): Symfony\\Component\\Console\\Application->doRunCommand(Object(Illuminate\\Cache\\Console\\ClearCommand), Object(Symfony\\Component\\Console\\Input\\ArgvInput), Object(Symfony\\Component\\Console\\Output\\ConsoleOutput))
#17 /Users/pisey/Documents/001-Pisey/001-Projects/002-Laravel/projects/laravelDaily/laravel-api-flutter/laravel-api/vendor/symfony/console/Application.php(193): Symfony\\Component\\Console\\Application->doRun(Object(Symfony\\Component\\Console\\Input\\ArgvInput), Object(Symfony\\Component\\Console\\Output\\ConsoleOutput))
#18 /Users/pisey/Documents/001-Pisey/001-Projects/002-Laravel/projects/laravelDaily/laravel-api-flutter/laravel-api/vendor/laravel/framework/src/Illuminate/Foundation/Console/Kernel.php(198): Symfony\\Component\\Console\\Application->run(Object(Symfony\\Component\\Console\\Input\\ArgvInput), Object(Symfony\\Component\\Console\\Output\\ConsoleOutput))
#19 /Users/pisey/Documents/001-Pisey/001-Projects/002-Laravel/projects/laravelDaily/laravel-api-flutter/laravel-api/vendor/laravel/framework/src/Illuminate/Foundation/Application.php(1235): Illuminate\\Foundation\\Console\\Kernel->handle(Object(Symfony\\Component\\Console\\Input\\ArgvInput), Object(Symfony\\Component\\Console\\Output\\ConsoleOutput))
#20 /Users/pisey/Documents/001-Pisey/001-Projects/002-Laravel/projects/laravelDaily/laravel-api-flutter/laravel-api/artisan(16): Illuminate\\Foundation\\Application->handleCommand(Object(Symfony\\Component\\Console\\Input\\ArgvInput))
#21 {main}

[previous exception] [object] (PDOException(code: HY000): SQLSTATE[HY000]: General error: 1 no such table: cache at /Users/pisey/Documents/001-Pisey/001-Projects/002-Laravel/projects/laravelDaily/laravel-api-flutter/laravel-api/vendor/laravel/framework/src/Illuminate/Database/Connection.php:590)
[stacktrace]
#0 /Users/pisey/Documents/001-Pisey/001-Projects/002-Laravel/projects/laravelDaily/laravel-api-flutter/laravel-api/vendor/laravel/framework/src/Illuminate/Database/Connection.php(590): PDO->prepare('delete from \"ca...')
#1 /Users/pisey/Documents/001-Pisey/001-Projects/002-Laravel/projects/laravelDaily/laravel-api-flutter/laravel-api/vendor/laravel/framework/src/Illuminate/Database/Connection.php(810): Illuminate\\Database\\Connection->Illuminate\\Database\\{closure}('delete from \"ca...', Array)
#2 /Users/pisey/Documents/001-Pisey/001-Projects/002-Laravel/projects/laravelDaily/laravel-api-flutter/laravel-api/vendor/laravel/framework/src/Illuminate/Database/Connection.php(777): Illuminate\\Database\\Connection->runQueryCallback('delete from \"ca...', Array, Object(Closure))
#3 /Users/pisey/Documents/001-Pisey/001-Projects/002-Laravel/projects/laravelDaily/laravel-api-flutter/laravel-api/vendor/laravel/framework/src/Illuminate/Database/Connection.php(582): Illuminate\\Database\\Connection->run('delete from \"ca...', Array, Object(Closure))
#4 /Users/pisey/Documents/001-Pisey/001-Projects/002-Laravel/projects/laravelDaily/laravel-api-flutter/laravel-api/vendor/laravel/framework/src/Illuminate/Database/Connection.php(546): Illuminate\\Database\\Connection->affectingStatement('delete from \"ca...', Array)
#5 /Users/pisey/Documents/001-Pisey/001-Projects/002-Laravel/projects/laravelDaily/laravel-api-flutter/laravel-api/vendor/laravel/framework/src/Illuminate/Database/Query/Builder.php(4025): Illuminate\\Database\\Connection->delete('delete from \"ca...', Array)
#6 /Users/pisey/Documents/001-Pisey/001-Projects/002-Laravel/projects/laravelDaily/laravel-api-flutter/laravel-api/vendor/laravel/framework/src/Illuminate/Cache/DatabaseStore.php(422): Illuminate\\Database\\Query\\Builder->delete()
#7 /Users/pisey/Documents/001-Pisey/001-Projects/002-Laravel/projects/laravelDaily/laravel-api-flutter/laravel-api/vendor/laravel/framework/src/Illuminate/Cache/Repository.php(794): Illuminate\\Cache\\DatabaseStore->flush()
#8 /Users/pisey/Documents/001-Pisey/001-Projects/002-Laravel/projects/laravelDaily/laravel-api-flutter/laravel-api/vendor/laravel/framework/src/Illuminate/Cache/Console/ClearCommand.php(69): Illuminate\\Cache\\Repository->__call('flush', Array)
#9 /Users/pisey/Documents/001-Pisey/001-Projects/002-Laravel/projects/laravelDaily/laravel-api-flutter/laravel-api/vendor/laravel/framework/src/Illuminate/Container/BoundMethod.php(36): Illuminate\\Cache\\Console\\ClearCommand->handle()
#10 /Users/pisey/Documents/001-Pisey/001-Projects/002-Laravel/projects/laravelDaily/laravel-api-flutter/laravel-api/vendor/laravel/framework/src/Illuminate/Container/Util.php(43): Illuminate\\Container\\BoundMethod::Illuminate\\Container\\{closure}()
#11 /Users/pisey/Documents/001-Pisey/001-Projects/002-Laravel/projects/laravelDaily/laravel-api-flutter/laravel-api/vendor/laravel/framework/src/Illuminate/Container/BoundMethod.php(96): Illuminate\\Container\\Util::unwrapIfClosure(Object(Closure))
#12 /Users/pisey/Documents/001-Pisey/001-Projects/002-Laravel/projects/laravelDaily/laravel-api-flutter/laravel-api/vendor/laravel/framework/src/Illuminate/Container/BoundMethod.php(35): Illuminate\\Container\\BoundMethod::callBoundMethod(Object(Illuminate\\Foundation\\Application), Array, Object(Closure))
#13 /Users/pisey/Documents/001-Pisey/001-Projects/002-Laravel/projects/laravelDaily/laravel-api-flutter/laravel-api/vendor/laravel/framework/src/Illuminate/Container/Container.php(754): Illuminate\\Container\\BoundMethod::call(Object(Illuminate\\Foundation\\Application), Array, Array, NULL)
#14 /Users/pisey/Documents/001-Pisey/001-Projects/002-Laravel/projects/laravelDaily/laravel-api-flutter/laravel-api/vendor/laravel/framework/src/Illuminate/Console/Command.php(213): Illuminate\\Container\\Container->call(Array)
#15 /Users/pisey/Documents/001-Pisey/001-Projects/002-Laravel/projects/laravelDaily/laravel-api-flutter/laravel-api/vendor/symfony/console/Command/Command.php(279): Illuminate\\Console\\Command->execute(Object(Symfony\\Component\\Console\\Input\\ArgvInput), Object(Illuminate\\Console\\OutputStyle))
#16 /Users/pisey/Documents/001-Pisey/001-Projects/002-Laravel/projects/laravelDaily/laravel-api-flutter/laravel-api/vendor/laravel/framework/src/Illuminate/Console/Command.php(182): Symfony\\Component\\Console\\Command\\Command->run(Object(Symfony\\Component\\Console\\Input\\ArgvInput), Object(Illuminate\\Console\\OutputStyle))
#17 /Users/pisey/Documents/001-Pisey/001-Projects/002-Laravel/projects/laravelDaily/laravel-api-flutter/laravel-api/vendor/symfony/console/Application.php(1094): Illuminate\\Console\\Command->run(Object(Symfony\\Component\\Console\\Input\\ArgvInput), Object(Symfony\\Component\\Console\\Output\\ConsoleOutput))
#18 /Users/pisey/Documents/001-Pisey/001-Projects/002-Laravel/projects/laravelDaily/laravel-api-flutter/laravel-api/vendor/symfony/console/Application.php(342): Symfony\\Component\\Console\\Application->doRunCommand(Object(Illuminate\\Cache\\Console\\ClearCommand), Object(Symfony\\Component\\Console\\Input\\ArgvInput), Object(Symfony\\Component\\Console\\Output\\ConsoleOutput))
#19 /Users/pisey/Documents/001-Pisey/001-Projects/002-Laravel/projects/laravelDaily/laravel-api-flutter/laravel-api/vendor/symfony/console/Application.php(193): Symfony\\Component\\Console\\Application->doRun(Object(Symfony\\Component\\Console\\Input\\ArgvInput), Object(Symfony\\Component\\Console\\Output\\ConsoleOutput))
#20 /Users/pisey/Documents/001-Pisey/001-Projects/002-Laravel/projects/laravelDaily/laravel-api-flutter/laravel-api/vendor/laravel/framework/src/Illuminate/Foundation/Console/Kernel.php(198): Symfony\\Component\\Console\\Application->run(Object(Symfony\\Component\\Console\\Input\\ArgvInput), Object(Symfony\\Component\\Console\\Output\\ConsoleOutput))
#21 /Users/pisey/Documents/001-Pisey/001-Projects/002-Laravel/projects/laravelDaily/laravel-api-flutter/laravel-api/vendor/laravel/framework/src/Illuminate/Foundation/Application.php(1235): Illuminate\\Foundation\\Console\\Kernel->handle(Object(Symfony\\Component\\Console\\Input\\ArgvInput), Object(Symfony\\Component\\Console\\Output\\ConsoleOutput))
#22 /Users/pisey/Documents/001-Pisey/001-Projects/002-Laravel/projects/laravelDaily/laravel-api-flutter/laravel-api/artisan(16): Illuminate\\Foundation\\Application->handleCommand(Object(Symfony\\Component\\Console\\Input\\ArgvInput))
#23 {main}
"} 
[2025-03-26 04:56:59] local.ERROR: SQLSTATE[HY000]: General error: 1 no such table: telescope_entries (Connection: sqlite, SQL: select count(*) as aggregate from "telescope_entries" where "type" = exception and "family_hash" = 7b8eafa2a312d8d68b9a1445bf6028aa) {"exception":"[object] (Illuminate\\Database\\QueryException(code: HY000): SQLSTATE[HY000]: General error: 1 no such table: telescope_entries (Connection: sqlite, SQL: select count(*) as aggregate from \"telescope_entries\" where \"type\" = exception and \"family_hash\" = 7b8eafa2a312d8d68b9a1445bf6028aa) at /Users/pisey/Documents/001-Pisey/001-Projects/002-Laravel/projects/laravelDaily/laravel-api-flutter/laravel-api/vendor/laravel/framework/src/Illuminate/Database/Connection.php:823)
[stacktrace]
#0 /Users/pisey/Documents/001-Pisey/001-Projects/002-Laravel/projects/laravelDaily/laravel-api-flutter/laravel-api/vendor/laravel/framework/src/Illuminate/Database/Connection.php(777): Illuminate\\Database\\Connection->runQueryCallback('select count(*)...', Array, Object(Closure))
#1 /Users/pisey/Documents/001-Pisey/001-Projects/002-Laravel/projects/laravelDaily/laravel-api-flutter/laravel-api/vendor/laravel/framework/src/Illuminate/Database/Connection.php(396): Illuminate\\Database\\Connection->run('select count(*)...', Array, Object(Closure))
#2 /Users/pisey/Documents/001-Pisey/001-Projects/002-Laravel/projects/laravelDaily/laravel-api-flutter/laravel-api/vendor/laravel/framework/src/Illuminate/Database/Query/Builder.php(3105): Illuminate\\Database\\Connection->select('select count(*)...', Array, true)
#3 /Users/pisey/Documents/001-Pisey/001-Projects/002-Laravel/projects/laravelDaily/laravel-api-flutter/laravel-api/vendor/laravel/framework/src/Illuminate/Database/Query/Builder.php(3090): Illuminate\\Database\\Query\\Builder->runSelect()
#4 /Users/pisey/Documents/001-Pisey/001-Projects/002-Laravel/projects/laravelDaily/laravel-api-flutter/laravel-api/vendor/laravel/framework/src/Illuminate/Database/Query/Builder.php(3677): Illuminate\\Database\\Query\\Builder->Illuminate\\Database\\Query\\{closure}()
#5 /Users/pisey/Documents/001-Pisey/001-Projects/002-Laravel/projects/laravelDaily/laravel-api-flutter/laravel-api/vendor/laravel/framework/src/Illuminate/Database/Query/Builder.php(3089): Illuminate\\Database\\Query\\Builder->onceWithColumns(Array, Object(Closure))
#6 /Users/pisey/Documents/001-Pisey/001-Projects/002-Laravel/projects/laravelDaily/laravel-api-flutter/laravel-api/vendor/laravel/framework/src/Illuminate/Database/Query/Builder.php(3603): Illuminate\\Database\\Query\\Builder->get(Array)
#7 /Users/pisey/Documents/001-Pisey/001-Projects/002-Laravel/projects/laravelDaily/laravel-api-flutter/laravel-api/vendor/laravel/framework/src/Illuminate/Database/Query/Builder.php(3531): Illuminate\\Database\\Query\\Builder->aggregate('count', Array)
#8 /Users/pisey/Documents/001-Pisey/001-Projects/002-Laravel/projects/laravelDaily/laravel-api-flutter/laravel-api/vendor/laravel/telescope/src/Storage/DatabaseEntriesRepository.php(123): Illuminate\\Database\\Query\\Builder->count()
#9 /Users/pisey/Documents/001-Pisey/001-Projects/002-Laravel/projects/laravelDaily/laravel-api-flutter/laravel-api/vendor/laravel/telescope/src/Storage/DatabaseEntriesRepository.php(165): Laravel\\Telescope\\Storage\\DatabaseEntriesRepository->countExceptionOccurences(Object(Laravel\\Telescope\\IncomingExceptionEntry))
#10 [internal function]: Laravel\\Telescope\\Storage\\DatabaseEntriesRepository->Laravel\\Telescope\\Storage\\{closure}(Object(Laravel\\Telescope\\IncomingExceptionEntry), 2)
#11 /Users/pisey/Documents/001-Pisey/001-Projects/002-Laravel/projects/laravelDaily/laravel-api-flutter/laravel-api/vendor/laravel/framework/src/Illuminate/Collections/Arr.php(609): array_map(Object(Closure), Array, Array)
#12 /Users/pisey/Documents/001-Pisey/001-Projects/002-Laravel/projects/laravelDaily/laravel-api-flutter/laravel-api/vendor/laravel/framework/src/Illuminate/Collections/Collection.php(800): Illuminate\\Support\\Arr::map(Array, Object(Closure))
#13 /Users/pisey/Documents/001-Pisey/001-Projects/002-Laravel/projects/laravelDaily/laravel-api-flutter/laravel-api/vendor/laravel/telescope/src/Storage/DatabaseEntriesRepository.php(164): Illuminate\\Support\\Collection->map(Object(Closure))
#14 /Users/pisey/Documents/001-Pisey/001-Projects/002-Laravel/projects/laravelDaily/laravel-api-flutter/laravel-api/vendor/laravel/framework/src/Illuminate/Collections/Traits/EnumeratesValues.php(261): Laravel\\Telescope\\Storage\\DatabaseEntriesRepository->Laravel\\Telescope\\Storage\\{closure}(Object(Illuminate\\Support\\Collection), 0)
#15 /Users/pisey/Documents/001-Pisey/001-Projects/002-Laravel/projects/laravelDaily/laravel-api-flutter/laravel-api/vendor/laravel/telescope/src/Storage/DatabaseEntriesRepository.php(163): Illuminate\\Support\\Collection->each(Object(Closure))
#16 /Users/pisey/Documents/001-Pisey/001-Projects/002-Laravel/projects/laravelDaily/laravel-api-flutter/laravel-api/vendor/laravel/telescope/src/Storage/DatabaseEntriesRepository.php(140): Laravel\\Telescope\\Storage\\DatabaseEntriesRepository->storeExceptions(Object(Illuminate\\Support\\Collection))
#17 /Users/pisey/Documents/001-Pisey/001-Projects/002-Laravel/projects/laravelDaily/laravel-api-flutter/laravel-api/vendor/laravel/telescope/src/Telescope.php(661): Laravel\\Telescope\\Storage\\DatabaseEntriesRepository->store(Object(Illuminate\\Support\\Collection))
#18 [internal function]: Laravel\\Telescope\\Telescope::Laravel\\Telescope\\{closure}()
#19 /Users/pisey/Documents/001-Pisey/001-Projects/002-Laravel/projects/laravelDaily/laravel-api-flutter/laravel-api/vendor/laravel/telescope/src/Telescope.php(286): call_user_func(Object(Closure))
#20 /Users/pisey/Documents/001-Pisey/001-Projects/002-Laravel/projects/laravelDaily/laravel-api-flutter/laravel-api/vendor/laravel/telescope/src/Telescope.php(653): Laravel\\Telescope\\Telescope::withoutRecording(Object(Closure))
#21 /Users/pisey/Documents/001-Pisey/001-Projects/002-Laravel/projects/laravelDaily/laravel-api-flutter/laravel-api/vendor/laravel/telescope/src/ListensForStorageOpportunities.php(65): Laravel\\Telescope\\Telescope::store(Object(Laravel\\Telescope\\Storage\\DatabaseEntriesRepository))
#22 /Users/pisey/Documents/001-Pisey/001-Projects/002-Laravel/projects/laravelDaily/laravel-api-flutter/laravel-api/vendor/laravel/framework/src/Illuminate/Container/BoundMethod.php(36): Laravel\\Telescope\\Telescope::Laravel\\Telescope\\{closure}()
#23 /Users/pisey/Documents/001-Pisey/001-Projects/002-Laravel/projects/laravelDaily/laravel-api-flutter/laravel-api/vendor/laravel/framework/src/Illuminate/Container/Util.php(43): Illuminate\\Container\\BoundMethod::Illuminate\\Container\\{closure}()
#24 /Users/pisey/Documents/001-Pisey/001-Projects/002-Laravel/projects/laravelDaily/laravel-api-flutter/laravel-api/vendor/laravel/framework/src/Illuminate/Container/BoundMethod.php(84): Illuminate\\Container\\Util::unwrapIfClosure(Object(Closure))
#25 /Users/pisey/Documents/001-Pisey/001-Projects/002-Laravel/projects/laravelDaily/laravel-api-flutter/laravel-api/vendor/laravel/framework/src/Illuminate/Container/BoundMethod.php(35): Illuminate\\Container\\BoundMethod::callBoundMethod(Object(Illuminate\\Foundation\\Application), Object(Closure), Object(Closure))
#26 /Users/pisey/Documents/001-Pisey/001-Projects/002-Laravel/projects/laravelDaily/laravel-api-flutter/laravel-api/vendor/laravel/framework/src/Illuminate/Container/Container.php(754): Illuminate\\Container\\BoundMethod::call(Object(Illuminate\\Foundation\\Application), Object(Closure), Array, NULL)
#27 /Users/pisey/Documents/001-Pisey/001-Projects/002-Laravel/projects/laravelDaily/laravel-api-flutter/laravel-api/vendor/laravel/framework/src/Illuminate/Foundation/Application.php(1452): Illuminate\\Container\\Container->call(Object(Closure))
#28 /Users/pisey/Documents/001-Pisey/001-Projects/002-Laravel/projects/laravelDaily/laravel-api-flutter/laravel-api/vendor/laravel/framework/src/Illuminate/Foundation/Console/Kernel.php(219): Illuminate\\Foundation\\Application->terminate()
#29 /Users/pisey/Documents/001-Pisey/001-Projects/002-Laravel/projects/laravelDaily/laravel-api-flutter/laravel-api/vendor/laravel/framework/src/Illuminate/Foundation/Application.php(1240): Illuminate\\Foundation\\Console\\Kernel->terminate(Object(Symfony\\Component\\Console\\Input\\ArgvInput), 1)
#30 /Users/pisey/Documents/001-Pisey/001-Projects/002-Laravel/projects/laravelDaily/laravel-api-flutter/laravel-api/artisan(16): Illuminate\\Foundation\\Application->handleCommand(Object(Symfony\\Component\\Console\\Input\\ArgvInput))
#31 {main}

[previous exception] [object] (PDOException(code: HY000): SQLSTATE[HY000]: General error: 1 no such table: telescope_entries at /Users/pisey/Documents/001-Pisey/001-Projects/002-Laravel/projects/laravelDaily/laravel-api-flutter/laravel-api/vendor/laravel/framework/src/Illuminate/Database/Connection.php:405)
[stacktrace]
#0 /Users/pisey/Documents/001-Pisey/001-Projects/002-Laravel/projects/laravelDaily/laravel-api-flutter/laravel-api/vendor/laravel/framework/src/Illuminate/Database/Connection.php(405): PDO->prepare('select count(*)...')
#1 /Users/pisey/Documents/001-Pisey/001-Projects/002-Laravel/projects/laravelDaily/laravel-api-flutter/laravel-api/vendor/laravel/framework/src/Illuminate/Database/Connection.php(810): Illuminate\\Database\\Connection->Illuminate\\Database\\{closure}('select count(*)...', Array)
#2 /Users/pisey/Documents/001-Pisey/001-Projects/002-Laravel/projects/laravelDaily/laravel-api-flutter/laravel-api/vendor/laravel/framework/src/Illuminate/Database/Connection.php(777): Illuminate\\Database\\Connection->runQueryCallback('select count(*)...', Array, Object(Closure))
#3 /Users/pisey/Documents/001-Pisey/001-Projects/002-Laravel/projects/laravelDaily/laravel-api-flutter/laravel-api/vendor/laravel/framework/src/Illuminate/Database/Connection.php(396): Illuminate\\Database\\Connection->run('select count(*)...', Array, Object(Closure))
#4 /Users/pisey/Documents/001-Pisey/001-Projects/002-Laravel/projects/laravelDaily/laravel-api-flutter/laravel-api/vendor/laravel/framework/src/Illuminate/Database/Query/Builder.php(3105): Illuminate\\Database\\Connection->select('select count(*)...', Array, true)
#5 /Users/pisey/Documents/001-Pisey/001-Projects/002-Laravel/projects/laravelDaily/laravel-api-flutter/laravel-api/vendor/laravel/framework/src/Illuminate/Database/Query/Builder.php(3090): Illuminate\\Database\\Query\\Builder->runSelect()
#6 /Users/pisey/Documents/001-Pisey/001-Projects/002-Laravel/projects/laravelDaily/laravel-api-flutter/laravel-api/vendor/laravel/framework/src/Illuminate/Database/Query/Builder.php(3677): Illuminate\\Database\\Query\\Builder->Illuminate\\Database\\Query\\{closure}()
#7 /Users/pisey/Documents/001-Pisey/001-Projects/002-Laravel/projects/laravelDaily/laravel-api-flutter/laravel-api/vendor/laravel/framework/src/Illuminate/Database/Query/Builder.php(3089): Illuminate\\Database\\Query\\Builder->onceWithColumns(Array, Object(Closure))
#8 /Users/pisey/Documents/001-Pisey/001-Projects/002-Laravel/projects/laravelDaily/laravel-api-flutter/laravel-api/vendor/laravel/framework/src/Illuminate/Database/Query/Builder.php(3603): Illuminate\\Database\\Query\\Builder->get(Array)
#9 /Users/pisey/Documents/001-Pisey/001-Projects/002-Laravel/projects/laravelDaily/laravel-api-flutter/laravel-api/vendor/laravel/framework/src/Illuminate/Database/Query/Builder.php(3531): Illuminate\\Database\\Query\\Builder->aggregate('count', Array)
#10 /Users/pisey/Documents/001-Pisey/001-Projects/002-Laravel/projects/laravelDaily/laravel-api-flutter/laravel-api/vendor/laravel/telescope/src/Storage/DatabaseEntriesRepository.php(123): Illuminate\\Database\\Query\\Builder->count()
#11 /Users/pisey/Documents/001-Pisey/001-Projects/002-Laravel/projects/laravelDaily/laravel-api-flutter/laravel-api/vendor/laravel/telescope/src/Storage/DatabaseEntriesRepository.php(165): Laravel\\Telescope\\Storage\\DatabaseEntriesRepository->countExceptionOccurences(Object(Laravel\\Telescope\\IncomingExceptionEntry))
#12 [internal function]: Laravel\\Telescope\\Storage\\DatabaseEntriesRepository->Laravel\\Telescope\\Storage\\{closure}(Object(Laravel\\Telescope\\IncomingExceptionEntry), 2)
#13 /Users/pisey/Documents/001-Pisey/001-Projects/002-Laravel/projects/laravelDaily/laravel-api-flutter/laravel-api/vendor/laravel/framework/src/Illuminate/Collections/Arr.php(609): array_map(Object(Closure), Array, Array)
#14 /Users/pisey/Documents/001-Pisey/001-Projects/002-Laravel/projects/laravelDaily/laravel-api-flutter/laravel-api/vendor/laravel/framework/src/Illuminate/Collections/Collection.php(800): Illuminate\\Support\\Arr::map(Array, Object(Closure))
#15 /Users/pisey/Documents/001-Pisey/001-Projects/002-Laravel/projects/laravelDaily/laravel-api-flutter/laravel-api/vendor/laravel/telescope/src/Storage/DatabaseEntriesRepository.php(164): Illuminate\\Support\\Collection->map(Object(Closure))
#16 /Users/pisey/Documents/001-Pisey/001-Projects/002-Laravel/projects/laravelDaily/laravel-api-flutter/laravel-api/vendor/laravel/framework/src/Illuminate/Collections/Traits/EnumeratesValues.php(261): Laravel\\Telescope\\Storage\\DatabaseEntriesRepository->Laravel\\Telescope\\Storage\\{closure}(Object(Illuminate\\Support\\Collection), 0)
#17 /Users/pisey/Documents/001-Pisey/001-Projects/002-Laravel/projects/laravelDaily/laravel-api-flutter/laravel-api/vendor/laravel/telescope/src/Storage/DatabaseEntriesRepository.php(163): Illuminate\\Support\\Collection->each(Object(Closure))
#18 /Users/pisey/Documents/001-Pisey/001-Projects/002-Laravel/projects/laravelDaily/laravel-api-flutter/laravel-api/vendor/laravel/telescope/src/Storage/DatabaseEntriesRepository.php(140): Laravel\\Telescope\\Storage\\DatabaseEntriesRepository->storeExceptions(Object(Illuminate\\Support\\Collection))
#19 /Users/pisey/Documents/001-Pisey/001-Projects/002-Laravel/projects/laravelDaily/laravel-api-flutter/laravel-api/vendor/laravel/telescope/src/Telescope.php(661): Laravel\\Telescope\\Storage\\DatabaseEntriesRepository->store(Object(Illuminate\\Support\\Collection))
#20 [internal function]: Laravel\\Telescope\\Telescope::Laravel\\Telescope\\{closure}()
#21 /Users/pisey/Documents/001-Pisey/001-Projects/002-Laravel/projects/laravelDaily/laravel-api-flutter/laravel-api/vendor/laravel/telescope/src/Telescope.php(286): call_user_func(Object(Closure))
#22 /Users/pisey/Documents/001-Pisey/001-Projects/002-Laravel/projects/laravelDaily/laravel-api-flutter/laravel-api/vendor/laravel/telescope/src/Telescope.php(653): Laravel\\Telescope\\Telescope::withoutRecording(Object(Closure))
#23 /Users/pisey/Documents/001-Pisey/001-Projects/002-Laravel/projects/laravelDaily/laravel-api-flutter/laravel-api/vendor/laravel/telescope/src/ListensForStorageOpportunities.php(65): Laravel\\Telescope\\Telescope::store(Object(Laravel\\Telescope\\Storage\\DatabaseEntriesRepository))
#24 /Users/pisey/Documents/001-Pisey/001-Projects/002-Laravel/projects/laravelDaily/laravel-api-flutter/laravel-api/vendor/laravel/framework/src/Illuminate/Container/BoundMethod.php(36): Laravel\\Telescope\\Telescope::Laravel\\Telescope\\{closure}()
#25 /Users/pisey/Documents/001-Pisey/001-Projects/002-Laravel/projects/laravelDaily/laravel-api-flutter/laravel-api/vendor/laravel/framework/src/Illuminate/Container/Util.php(43): Illuminate\\Container\\BoundMethod::Illuminate\\Container\\{closure}()
#26 /Users/pisey/Documents/001-Pisey/001-Projects/002-Laravel/projects/laravelDaily/laravel-api-flutter/laravel-api/vendor/laravel/framework/src/Illuminate/Container/BoundMethod.php(84): Illuminate\\Container\\Util::unwrapIfClosure(Object(Closure))
#27 /Users/pisey/Documents/001-Pisey/001-Projects/002-Laravel/projects/laravelDaily/laravel-api-flutter/laravel-api/vendor/laravel/framework/src/Illuminate/Container/BoundMethod.php(35): Illuminate\\Container\\BoundMethod::callBoundMethod(Object(Illuminate\\Foundation\\Application), Object(Closure), Object(Closure))
#28 /Users/pisey/Documents/001-Pisey/001-Projects/002-Laravel/projects/laravelDaily/laravel-api-flutter/laravel-api/vendor/laravel/framework/src/Illuminate/Container/Container.php(754): Illuminate\\Container\\BoundMethod::call(Object(Illuminate\\Foundation\\Application), Object(Closure), Array, NULL)
#29 /Users/pisey/Documents/001-Pisey/001-Projects/002-Laravel/projects/laravelDaily/laravel-api-flutter/laravel-api/vendor/laravel/framework/src/Illuminate/Foundation/Application.php(1452): Illuminate\\Container\\Container->call(Object(Closure))
#30 /Users/pisey/Documents/001-Pisey/001-Projects/002-Laravel/projects/laravelDaily/laravel-api-flutter/laravel-api/vendor/laravel/framework/src/Illuminate/Foundation/Console/Kernel.php(219): Illuminate\\Foundation\\Application->terminate()
#31 /Users/pisey/Documents/001-Pisey/001-Projects/002-Laravel/projects/laravelDaily/laravel-api-flutter/laravel-api/vendor/laravel/framework/src/Illuminate/Foundation/Application.php(1240): Illuminate\\Foundation\\Console\\Kernel->terminate(Object(Symfony\\Component\\Console\\Input\\ArgvInput), 1)
#32 /Users/pisey/Documents/001-Pisey/001-Projects/002-Laravel/projects/laravelDaily/laravel-api-flutter/laravel-api/artisan(16): Illuminate\\Foundation\\Application->handleCommand(Object(Symfony\\Component\\Console\\Input\\ArgvInput))
#33 {main}
"} 
[2025-03-26 04:57:29] local.ERROR: SQLSTATE[HY000]: General error: 1 no such table: cache (Connection: sqlite, SQL: delete from "cache") {"exception":"[object] (Illuminate\\Database\\QueryException(code: HY000): SQLSTATE[HY000]: General error: 1 no such table: cache (Connection: sqlite, SQL: delete from \"cache\") at /Users/pisey/Documents/001-Pisey/001-Projects/002-Laravel/projects/laravelDaily/laravel-api-flutter/laravel-api/vendor/laravel/framework/src/Illuminate/Database/Connection.php:823)
[stacktrace]
#0 /Users/pisey/Documents/001-Pisey/001-Projects/002-Laravel/projects/laravelDaily/laravel-api-flutter/laravel-api/vendor/laravel/framework/src/Illuminate/Database/Connection.php(777): Illuminate\\Database\\Connection->runQueryCallback('delete from \"ca...', Array, Object(Closure))
#1 /Users/pisey/Documents/001-Pisey/001-Projects/002-Laravel/projects/laravelDaily/laravel-api-flutter/laravel-api/vendor/laravel/framework/src/Illuminate/Database/Connection.php(582): Illuminate\\Database\\Connection->run('delete from \"ca...', Array, Object(Closure))
#2 /Users/pisey/Documents/001-Pisey/001-Projects/002-Laravel/projects/laravelDaily/laravel-api-flutter/laravel-api/vendor/laravel/framework/src/Illuminate/Database/Connection.php(546): Illuminate\\Database\\Connection->affectingStatement('delete from \"ca...', Array)
#3 /Users/pisey/Documents/001-Pisey/001-Projects/002-Laravel/projects/laravelDaily/laravel-api-flutter/laravel-api/vendor/laravel/framework/src/Illuminate/Database/Query/Builder.php(4025): Illuminate\\Database\\Connection->delete('delete from \"ca...', Array)
#4 /Users/pisey/Documents/001-Pisey/001-Projects/002-Laravel/projects/laravelDaily/laravel-api-flutter/laravel-api/vendor/laravel/framework/src/Illuminate/Cache/DatabaseStore.php(422): Illuminate\\Database\\Query\\Builder->delete()
#5 /Users/pisey/Documents/001-Pisey/001-Projects/002-Laravel/projects/laravelDaily/laravel-api-flutter/laravel-api/vendor/laravel/framework/src/Illuminate/Cache/Repository.php(794): Illuminate\\Cache\\DatabaseStore->flush()
#6 /Users/pisey/Documents/001-Pisey/001-Projects/002-Laravel/projects/laravelDaily/laravel-api-flutter/laravel-api/vendor/laravel/framework/src/Illuminate/Cache/Console/ClearCommand.php(69): Illuminate\\Cache\\Repository->__call('flush', Array)
#7 /Users/pisey/Documents/001-Pisey/001-Projects/002-Laravel/projects/laravelDaily/laravel-api-flutter/laravel-api/vendor/laravel/framework/src/Illuminate/Container/BoundMethod.php(36): Illuminate\\Cache\\Console\\ClearCommand->handle()
#8 /Users/pisey/Documents/001-Pisey/001-Projects/002-Laravel/projects/laravelDaily/laravel-api-flutter/laravel-api/vendor/laravel/framework/src/Illuminate/Container/Util.php(43): Illuminate\\Container\\BoundMethod::Illuminate\\Container\\{closure}()
#9 /Users/pisey/Documents/001-Pisey/001-Projects/002-Laravel/projects/laravelDaily/laravel-api-flutter/laravel-api/vendor/laravel/framework/src/Illuminate/Container/BoundMethod.php(96): Illuminate\\Container\\Util::unwrapIfClosure(Object(Closure))
#10 /Users/pisey/Documents/001-Pisey/001-Projects/002-Laravel/projects/laravelDaily/laravel-api-flutter/laravel-api/vendor/laravel/framework/src/Illuminate/Container/BoundMethod.php(35): Illuminate\\Container\\BoundMethod::callBoundMethod(Object(Illuminate\\Foundation\\Application), Array, Object(Closure))
#11 /Users/pisey/Documents/001-Pisey/001-Projects/002-Laravel/projects/laravelDaily/laravel-api-flutter/laravel-api/vendor/laravel/framework/src/Illuminate/Container/Container.php(754): Illuminate\\Container\\BoundMethod::call(Object(Illuminate\\Foundation\\Application), Array, Array, NULL)
#12 /Users/pisey/Documents/001-Pisey/001-Projects/002-Laravel/projects/laravelDaily/laravel-api-flutter/laravel-api/vendor/laravel/framework/src/Illuminate/Console/Command.php(213): Illuminate\\Container\\Container->call(Array)
#13 /Users/pisey/Documents/001-Pisey/001-Projects/002-Laravel/projects/laravelDaily/laravel-api-flutter/laravel-api/vendor/symfony/console/Command/Command.php(279): Illuminate\\Console\\Command->execute(Object(Symfony\\Component\\Console\\Input\\ArgvInput), Object(Illuminate\\Console\\OutputStyle))
#14 /Users/pisey/Documents/001-Pisey/001-Projects/002-Laravel/projects/laravelDaily/laravel-api-flutter/laravel-api/vendor/laravel/framework/src/Illuminate/Console/Command.php(182): Symfony\\Component\\Console\\Command\\Command->run(Object(Symfony\\Component\\Console\\Input\\ArgvInput), Object(Illuminate\\Console\\OutputStyle))
#15 /Users/pisey/Documents/001-Pisey/001-Projects/002-Laravel/projects/laravelDaily/laravel-api-flutter/laravel-api/vendor/symfony/console/Application.php(1094): Illuminate\\Console\\Command->run(Object(Symfony\\Component\\Console\\Input\\ArgvInput), Object(Symfony\\Component\\Console\\Output\\ConsoleOutput))
#16 /Users/pisey/Documents/001-Pisey/001-Projects/002-Laravel/projects/laravelDaily/laravel-api-flutter/laravel-api/vendor/symfony/console/Application.php(342): Symfony\\Component\\Console\\Application->doRunCommand(Object(Illuminate\\Cache\\Console\\ClearCommand), Object(Symfony\\Component\\Console\\Input\\ArgvInput), Object(Symfony\\Component\\Console\\Output\\ConsoleOutput))
#17 /Users/pisey/Documents/001-Pisey/001-Projects/002-Laravel/projects/laravelDaily/laravel-api-flutter/laravel-api/vendor/symfony/console/Application.php(193): Symfony\\Component\\Console\\Application->doRun(Object(Symfony\\Component\\Console\\Input\\ArgvInput), Object(Symfony\\Component\\Console\\Output\\ConsoleOutput))
#18 /Users/pisey/Documents/001-Pisey/001-Projects/002-Laravel/projects/laravelDaily/laravel-api-flutter/laravel-api/vendor/laravel/framework/src/Illuminate/Foundation/Console/Kernel.php(198): Symfony\\Component\\Console\\Application->run(Object(Symfony\\Component\\Console\\Input\\ArgvInput), Object(Symfony\\Component\\Console\\Output\\ConsoleOutput))
#19 /Users/pisey/Documents/001-Pisey/001-Projects/002-Laravel/projects/laravelDaily/laravel-api-flutter/laravel-api/vendor/laravel/framework/src/Illuminate/Foundation/Application.php(1235): Illuminate\\Foundation\\Console\\Kernel->handle(Object(Symfony\\Component\\Console\\Input\\ArgvInput), Object(Symfony\\Component\\Console\\Output\\ConsoleOutput))
#20 /Users/pisey/Documents/001-Pisey/001-Projects/002-Laravel/projects/laravelDaily/laravel-api-flutter/laravel-api/artisan(16): Illuminate\\Foundation\\Application->handleCommand(Object(Symfony\\Component\\Console\\Input\\ArgvInput))
#21 {main}

[previous exception] [object] (PDOException(code: HY000): SQLSTATE[HY000]: General error: 1 no such table: cache at /Users/pisey/Documents/001-Pisey/001-Projects/002-Laravel/projects/laravelDaily/laravel-api-flutter/laravel-api/vendor/laravel/framework/src/Illuminate/Database/Connection.php:590)
[stacktrace]
#0 /Users/pisey/Documents/001-Pisey/001-Projects/002-Laravel/projects/laravelDaily/laravel-api-flutter/laravel-api/vendor/laravel/framework/src/Illuminate/Database/Connection.php(590): PDO->prepare('delete from \"ca...')
#1 /Users/pisey/Documents/001-Pisey/001-Projects/002-Laravel/projects/laravelDaily/laravel-api-flutter/laravel-api/vendor/laravel/framework/src/Illuminate/Database/Connection.php(810): Illuminate\\Database\\Connection->Illuminate\\Database\\{closure}('delete from \"ca...', Array)
#2 /Users/pisey/Documents/001-Pisey/001-Projects/002-Laravel/projects/laravelDaily/laravel-api-flutter/laravel-api/vendor/laravel/framework/src/Illuminate/Database/Connection.php(777): Illuminate\\Database\\Connection->runQueryCallback('delete from \"ca...', Array, Object(Closure))
#3 /Users/pisey/Documents/001-Pisey/001-Projects/002-Laravel/projects/laravelDaily/laravel-api-flutter/laravel-api/vendor/laravel/framework/src/Illuminate/Database/Connection.php(582): Illuminate\\Database\\Connection->run('delete from \"ca...', Array, Object(Closure))
#4 /Users/pisey/Documents/001-Pisey/001-Projects/002-Laravel/projects/laravelDaily/laravel-api-flutter/laravel-api/vendor/laravel/framework/src/Illuminate/Database/Connection.php(546): Illuminate\\Database\\Connection->affectingStatement('delete from \"ca...', Array)
#5 /Users/pisey/Documents/001-Pisey/001-Projects/002-Laravel/projects/laravelDaily/laravel-api-flutter/laravel-api/vendor/laravel/framework/src/Illuminate/Database/Query/Builder.php(4025): Illuminate\\Database\\Connection->delete('delete from \"ca...', Array)
#6 /Users/pisey/Documents/001-Pisey/001-Projects/002-Laravel/projects/laravelDaily/laravel-api-flutter/laravel-api/vendor/laravel/framework/src/Illuminate/Cache/DatabaseStore.php(422): Illuminate\\Database\\Query\\Builder->delete()
#7 /Users/pisey/Documents/001-Pisey/001-Projects/002-Laravel/projects/laravelDaily/laravel-api-flutter/laravel-api/vendor/laravel/framework/src/Illuminate/Cache/Repository.php(794): Illuminate\\Cache\\DatabaseStore->flush()
#8 /Users/pisey/Documents/001-Pisey/001-Projects/002-Laravel/projects/laravelDaily/laravel-api-flutter/laravel-api/vendor/laravel/framework/src/Illuminate/Cache/Console/ClearCommand.php(69): Illuminate\\Cache\\Repository->__call('flush', Array)
#9 /Users/pisey/Documents/001-Pisey/001-Projects/002-Laravel/projects/laravelDaily/laravel-api-flutter/laravel-api/vendor/laravel/framework/src/Illuminate/Container/BoundMethod.php(36): Illuminate\\Cache\\Console\\ClearCommand->handle()
#10 /Users/pisey/Documents/001-Pisey/001-Projects/002-Laravel/projects/laravelDaily/laravel-api-flutter/laravel-api/vendor/laravel/framework/src/Illuminate/Container/Util.php(43): Illuminate\\Container\\BoundMethod::Illuminate\\Container\\{closure}()
#11 /Users/pisey/Documents/001-Pisey/001-Projects/002-Laravel/projects/laravelDaily/laravel-api-flutter/laravel-api/vendor/laravel/framework/src/Illuminate/Container/BoundMethod.php(96): Illuminate\\Container\\Util::unwrapIfClosure(Object(Closure))
#12 /Users/pisey/Documents/001-Pisey/001-Projects/002-Laravel/projects/laravelDaily/laravel-api-flutter/laravel-api/vendor/laravel/framework/src/Illuminate/Container/BoundMethod.php(35): Illuminate\\Container\\BoundMethod::callBoundMethod(Object(Illuminate\\Foundation\\Application), Array, Object(Closure))
#13 /Users/pisey/Documents/001-Pisey/001-Projects/002-Laravel/projects/laravelDaily/laravel-api-flutter/laravel-api/vendor/laravel/framework/src/Illuminate/Container/Container.php(754): Illuminate\\Container\\BoundMethod::call(Object(Illuminate\\Foundation\\Application), Array, Array, NULL)
#14 /Users/pisey/Documents/001-Pisey/001-Projects/002-Laravel/projects/laravelDaily/laravel-api-flutter/laravel-api/vendor/laravel/framework/src/Illuminate/Console/Command.php(213): Illuminate\\Container\\Container->call(Array)
#15 /Users/pisey/Documents/001-Pisey/001-Projects/002-Laravel/projects/laravelDaily/laravel-api-flutter/laravel-api/vendor/symfony/console/Command/Command.php(279): Illuminate\\Console\\Command->execute(Object(Symfony\\Component\\Console\\Input\\ArgvInput), Object(Illuminate\\Console\\OutputStyle))
#16 /Users/pisey/Documents/001-Pisey/001-Projects/002-Laravel/projects/laravelDaily/laravel-api-flutter/laravel-api/vendor/laravel/framework/src/Illuminate/Console/Command.php(182): Symfony\\Component\\Console\\Command\\Command->run(Object(Symfony\\Component\\Console\\Input\\ArgvInput), Object(Illuminate\\Console\\OutputStyle))
#17 /Users/pisey/Documents/001-Pisey/001-Projects/002-Laravel/projects/laravelDaily/laravel-api-flutter/laravel-api/vendor/symfony/console/Application.php(1094): Illuminate\\Console\\Command->run(Object(Symfony\\Component\\Console\\Input\\ArgvInput), Object(Symfony\\Component\\Console\\Output\\ConsoleOutput))
#18 /Users/pisey/Documents/001-Pisey/001-Projects/002-Laravel/projects/laravelDaily/laravel-api-flutter/laravel-api/vendor/symfony/console/Application.php(342): Symfony\\Component\\Console\\Application->doRunCommand(Object(Illuminate\\Cache\\Console\\ClearCommand), Object(Symfony\\Component\\Console\\Input\\ArgvInput), Object(Symfony\\Component\\Console\\Output\\ConsoleOutput))
#19 /Users/pisey/Documents/001-Pisey/001-Projects/002-Laravel/projects/laravelDaily/laravel-api-flutter/laravel-api/vendor/symfony/console/Application.php(193): Symfony\\Component\\Console\\Application->doRun(Object(Symfony\\Component\\Console\\Input\\ArgvInput), Object(Symfony\\Component\\Console\\Output\\ConsoleOutput))
#20 /Users/pisey/Documents/001-Pisey/001-Projects/002-Laravel/projects/laravelDaily/laravel-api-flutter/laravel-api/vendor/laravel/framework/src/Illuminate/Foundation/Console/Kernel.php(198): Symfony\\Component\\Console\\Application->run(Object(Symfony\\Component\\Console\\Input\\ArgvInput), Object(Symfony\\Component\\Console\\Output\\ConsoleOutput))
#21 /Users/pisey/Documents/001-Pisey/001-Projects/002-Laravel/projects/laravelDaily/laravel-api-flutter/laravel-api/vendor/laravel/framework/src/Illuminate/Foundation/Application.php(1235): Illuminate\\Foundation\\Console\\Kernel->handle(Object(Symfony\\Component\\Console\\Input\\ArgvInput), Object(Symfony\\Component\\Console\\Output\\ConsoleOutput))
#22 /Users/pisey/Documents/001-Pisey/001-Projects/002-Laravel/projects/laravelDaily/laravel-api-flutter/laravel-api/artisan(16): Illuminate\\Foundation\\Application->handleCommand(Object(Symfony\\Component\\Console\\Input\\ArgvInput))
#23 {main}
"} 
[2025-03-26 04:57:29] local.ERROR: SQLSTATE[HY000]: General error: 1 no such table: telescope_entries (Connection: sqlite, SQL: select count(*) as aggregate from "telescope_entries" where "type" = exception and "family_hash" = 7b8eafa2a312d8d68b9a1445bf6028aa) {"exception":"[object] (Illuminate\\Database\\QueryException(code: HY000): SQLSTATE[HY000]: General error: 1 no such table: telescope_entries (Connection: sqlite, SQL: select count(*) as aggregate from \"telescope_entries\" where \"type\" = exception and \"family_hash\" = 7b8eafa2a312d8d68b9a1445bf6028aa) at /Users/pisey/Documents/001-Pisey/001-Projects/002-Laravel/projects/laravelDaily/laravel-api-flutter/laravel-api/vendor/laravel/framework/src/Illuminate/Database/Connection.php:823)
[stacktrace]
#0 /Users/pisey/Documents/001-Pisey/001-Projects/002-Laravel/projects/laravelDaily/laravel-api-flutter/laravel-api/vendor/laravel/framework/src/Illuminate/Database/Connection.php(777): Illuminate\\Database\\Connection->runQueryCallback('select count(*)...', Array, Object(Closure))
#1 /Users/pisey/Documents/001-Pisey/001-Projects/002-Laravel/projects/laravelDaily/laravel-api-flutter/laravel-api/vendor/laravel/framework/src/Illuminate/Database/Connection.php(396): Illuminate\\Database\\Connection->run('select count(*)...', Array, Object(Closure))
#2 /Users/pisey/Documents/001-Pisey/001-Projects/002-Laravel/projects/laravelDaily/laravel-api-flutter/laravel-api/vendor/laravel/framework/src/Illuminate/Database/Query/Builder.php(3105): Illuminate\\Database\\Connection->select('select count(*)...', Array, true)
#3 /Users/pisey/Documents/001-Pisey/001-Projects/002-Laravel/projects/laravelDaily/laravel-api-flutter/laravel-api/vendor/laravel/framework/src/Illuminate/Database/Query/Builder.php(3090): Illuminate\\Database\\Query\\Builder->runSelect()
#4 /Users/pisey/Documents/001-Pisey/001-Projects/002-Laravel/projects/laravelDaily/laravel-api-flutter/laravel-api/vendor/laravel/framework/src/Illuminate/Database/Query/Builder.php(3677): Illuminate\\Database\\Query\\Builder->Illuminate\\Database\\Query\\{closure}()
#5 /Users/pisey/Documents/001-Pisey/001-Projects/002-Laravel/projects/laravelDaily/laravel-api-flutter/laravel-api/vendor/laravel/framework/src/Illuminate/Database/Query/Builder.php(3089): Illuminate\\Database\\Query\\Builder->onceWithColumns(Array, Object(Closure))
#6 /Users/pisey/Documents/001-Pisey/001-Projects/002-Laravel/projects/laravelDaily/laravel-api-flutter/laravel-api/vendor/laravel/framework/src/Illuminate/Database/Query/Builder.php(3603): Illuminate\\Database\\Query\\Builder->get(Array)
#7 /Users/pisey/Documents/001-Pisey/001-Projects/002-Laravel/projects/laravelDaily/laravel-api-flutter/laravel-api/vendor/laravel/framework/src/Illuminate/Database/Query/Builder.php(3531): Illuminate\\Database\\Query\\Builder->aggregate('count', Array)
#8 /Users/pisey/Documents/001-Pisey/001-Projects/002-Laravel/projects/laravelDaily/laravel-api-flutter/laravel-api/vendor/laravel/telescope/src/Storage/DatabaseEntriesRepository.php(123): Illuminate\\Database\\Query\\Builder->count()
#9 /Users/pisey/Documents/001-Pisey/001-Projects/002-Laravel/projects/laravelDaily/laravel-api-flutter/laravel-api/vendor/laravel/telescope/src/Storage/DatabaseEntriesRepository.php(165): Laravel\\Telescope\\Storage\\DatabaseEntriesRepository->countExceptionOccurences(Object(Laravel\\Telescope\\IncomingExceptionEntry))
#10 [internal function]: Laravel\\Telescope\\Storage\\DatabaseEntriesRepository->Laravel\\Telescope\\Storage\\{closure}(Object(Laravel\\Telescope\\IncomingExceptionEntry), 2)
#11 /Users/pisey/Documents/001-Pisey/001-Projects/002-Laravel/projects/laravelDaily/laravel-api-flutter/laravel-api/vendor/laravel/framework/src/Illuminate/Collections/Arr.php(609): array_map(Object(Closure), Array, Array)
#12 /Users/pisey/Documents/001-Pisey/001-Projects/002-Laravel/projects/laravelDaily/laravel-api-flutter/laravel-api/vendor/laravel/framework/src/Illuminate/Collections/Collection.php(800): Illuminate\\Support\\Arr::map(Array, Object(Closure))
#13 /Users/pisey/Documents/001-Pisey/001-Projects/002-Laravel/projects/laravelDaily/laravel-api-flutter/laravel-api/vendor/laravel/telescope/src/Storage/DatabaseEntriesRepository.php(164): Illuminate\\Support\\Collection->map(Object(Closure))
#14 /Users/pisey/Documents/001-Pisey/001-Projects/002-Laravel/projects/laravelDaily/laravel-api-flutter/laravel-api/vendor/laravel/framework/src/Illuminate/Collections/Traits/EnumeratesValues.php(261): Laravel\\Telescope\\Storage\\DatabaseEntriesRepository->Laravel\\Telescope\\Storage\\{closure}(Object(Illuminate\\Support\\Collection), 0)
#15 /Users/pisey/Documents/001-Pisey/001-Projects/002-Laravel/projects/laravelDaily/laravel-api-flutter/laravel-api/vendor/laravel/telescope/src/Storage/DatabaseEntriesRepository.php(163): Illuminate\\Support\\Collection->each(Object(Closure))
#16 /Users/pisey/Documents/001-Pisey/001-Projects/002-Laravel/projects/laravelDaily/laravel-api-flutter/laravel-api/vendor/laravel/telescope/src/Storage/DatabaseEntriesRepository.php(140): Laravel\\Telescope\\Storage\\DatabaseEntriesRepository->storeExceptions(Object(Illuminate\\Support\\Collection))
#17 /Users/pisey/Documents/001-Pisey/001-Projects/002-Laravel/projects/laravelDaily/laravel-api-flutter/laravel-api/vendor/laravel/telescope/src/Telescope.php(661): Laravel\\Telescope\\Storage\\DatabaseEntriesRepository->store(Object(Illuminate\\Support\\Collection))
#18 [internal function]: Laravel\\Telescope\\Telescope::Laravel\\Telescope\\{closure}()
#19 /Users/pisey/Documents/001-Pisey/001-Projects/002-Laravel/projects/laravelDaily/laravel-api-flutter/laravel-api/vendor/laravel/telescope/src/Telescope.php(286): call_user_func(Object(Closure))
#20 /Users/pisey/Documents/001-Pisey/001-Projects/002-Laravel/projects/laravelDaily/laravel-api-flutter/laravel-api/vendor/laravel/telescope/src/Telescope.php(653): Laravel\\Telescope\\Telescope::withoutRecording(Object(Closure))
#21 /Users/pisey/Documents/001-Pisey/001-Projects/002-Laravel/projects/laravelDaily/laravel-api-flutter/laravel-api/vendor/laravel/telescope/src/ListensForStorageOpportunities.php(65): Laravel\\Telescope\\Telescope::store(Object(Laravel\\Telescope\\Storage\\DatabaseEntriesRepository))
#22 /Users/pisey/Documents/001-Pisey/001-Projects/002-Laravel/projects/laravelDaily/laravel-api-flutter/laravel-api/vendor/laravel/framework/src/Illuminate/Container/BoundMethod.php(36): Laravel\\Telescope\\Telescope::Laravel\\Telescope\\{closure}()
#23 /Users/pisey/Documents/001-Pisey/001-Projects/002-Laravel/projects/laravelDaily/laravel-api-flutter/laravel-api/vendor/laravel/framework/src/Illuminate/Container/Util.php(43): Illuminate\\Container\\BoundMethod::Illuminate\\Container\\{closure}()
#24 /Users/pisey/Documents/001-Pisey/001-Projects/002-Laravel/projects/laravelDaily/laravel-api-flutter/laravel-api/vendor/laravel/framework/src/Illuminate/Container/BoundMethod.php(84): Illuminate\\Container\\Util::unwrapIfClosure(Object(Closure))
#25 /Users/pisey/Documents/001-Pisey/001-Projects/002-Laravel/projects/laravelDaily/laravel-api-flutter/laravel-api/vendor/laravel/framework/src/Illuminate/Container/BoundMethod.php(35): Illuminate\\Container\\BoundMethod::callBoundMethod(Object(Illuminate\\Foundation\\Application), Object(Closure), Object(Closure))
#26 /Users/pisey/Documents/001-Pisey/001-Projects/002-Laravel/projects/laravelDaily/laravel-api-flutter/laravel-api/vendor/laravel/framework/src/Illuminate/Container/Container.php(754): Illuminate\\Container\\BoundMethod::call(Object(Illuminate\\Foundation\\Application), Object(Closure), Array, NULL)
#27 /Users/pisey/Documents/001-Pisey/001-Projects/002-Laravel/projects/laravelDaily/laravel-api-flutter/laravel-api/vendor/laravel/framework/src/Illuminate/Foundation/Application.php(1452): Illuminate\\Container\\Container->call(Object(Closure))
#28 /Users/pisey/Documents/001-Pisey/001-Projects/002-Laravel/projects/laravelDaily/laravel-api-flutter/laravel-api/vendor/laravel/framework/src/Illuminate/Foundation/Console/Kernel.php(219): Illuminate\\Foundation\\Application->terminate()
#29 /Users/pisey/Documents/001-Pisey/001-Projects/002-Laravel/projects/laravelDaily/laravel-api-flutter/laravel-api/vendor/laravel/framework/src/Illuminate/Foundation/Application.php(1240): Illuminate\\Foundation\\Console\\Kernel->terminate(Object(Symfony\\Component\\Console\\Input\\ArgvInput), 1)
#30 /Users/pisey/Documents/001-Pisey/001-Projects/002-Laravel/projects/laravelDaily/laravel-api-flutter/laravel-api/artisan(16): Illuminate\\Foundation\\Application->handleCommand(Object(Symfony\\Component\\Console\\Input\\ArgvInput))
#31 {main}

[previous exception] [object] (PDOException(code: HY000): SQLSTATE[HY000]: General error: 1 no such table: telescope_entries at /Users/pisey/Documents/001-Pisey/001-Projects/002-Laravel/projects/laravelDaily/laravel-api-flutter/laravel-api/vendor/laravel/framework/src/Illuminate/Database/Connection.php:405)
[stacktrace]
#0 /Users/pisey/Documents/001-Pisey/001-Projects/002-Laravel/projects/laravelDaily/laravel-api-flutter/laravel-api/vendor/laravel/framework/src/Illuminate/Database/Connection.php(405): PDO->prepare('select count(*)...')
#1 /Users/pisey/Documents/001-Pisey/001-Projects/002-Laravel/projects/laravelDaily/laravel-api-flutter/laravel-api/vendor/laravel/framework/src/Illuminate/Database/Connection.php(810): Illuminate\\Database\\Connection->Illuminate\\Database\\{closure}('select count(*)...', Array)
#2 /Users/pisey/Documents/001-Pisey/001-Projects/002-Laravel/projects/laravelDaily/laravel-api-flutter/laravel-api/vendor/laravel/framework/src/Illuminate/Database/Connection.php(777): Illuminate\\Database\\Connection->runQueryCallback('select count(*)...', Array, Object(Closure))
#3 /Users/pisey/Documents/001-Pisey/001-Projects/002-Laravel/projects/laravelDaily/laravel-api-flutter/laravel-api/vendor/laravel/framework/src/Illuminate/Database/Connection.php(396): Illuminate\\Database\\Connection->run('select count(*)...', Array, Object(Closure))
#4 /Users/pisey/Documents/001-Pisey/001-Projects/002-Laravel/projects/laravelDaily/laravel-api-flutter/laravel-api/vendor/laravel/framework/src/Illuminate/Database/Query/Builder.php(3105): Illuminate\\Database\\Connection->select('select count(*)...', Array, true)
#5 /Users/pisey/Documents/001-Pisey/001-Projects/002-Laravel/projects/laravelDaily/laravel-api-flutter/laravel-api/vendor/laravel/framework/src/Illuminate/Database/Query/Builder.php(3090): Illuminate\\Database\\Query\\Builder->runSelect()
#6 /Users/pisey/Documents/001-Pisey/001-Projects/002-Laravel/projects/laravelDaily/laravel-api-flutter/laravel-api/vendor/laravel/framework/src/Illuminate/Database/Query/Builder.php(3677): Illuminate\\Database\\Query\\Builder->Illuminate\\Database\\Query\\{closure}()
#7 /Users/pisey/Documents/001-Pisey/001-Projects/002-Laravel/projects/laravelDaily/laravel-api-flutter/laravel-api/vendor/laravel/framework/src/Illuminate/Database/Query/Builder.php(3089): Illuminate\\Database\\Query\\Builder->onceWithColumns(Array, Object(Closure))
#8 /Users/pisey/Documents/001-Pisey/001-Projects/002-Laravel/projects/laravelDaily/laravel-api-flutter/laravel-api/vendor/laravel/framework/src/Illuminate/Database/Query/Builder.php(3603): Illuminate\\Database\\Query\\Builder->get(Array)
#9 /Users/pisey/Documents/001-Pisey/001-Projects/002-Laravel/projects/laravelDaily/laravel-api-flutter/laravel-api/vendor/laravel/framework/src/Illuminate/Database/Query/Builder.php(3531): Illuminate\\Database\\Query\\Builder->aggregate('count', Array)
#10 /Users/pisey/Documents/001-Pisey/001-Projects/002-Laravel/projects/laravelDaily/laravel-api-flutter/laravel-api/vendor/laravel/telescope/src/Storage/DatabaseEntriesRepository.php(123): Illuminate\\Database\\Query\\Builder->count()
#11 /Users/pisey/Documents/001-Pisey/001-Projects/002-Laravel/projects/laravelDaily/laravel-api-flutter/laravel-api/vendor/laravel/telescope/src/Storage/DatabaseEntriesRepository.php(165): Laravel\\Telescope\\Storage\\DatabaseEntriesRepository->countExceptionOccurences(Object(Laravel\\Telescope\\IncomingExceptionEntry))
#12 [internal function]: Laravel\\Telescope\\Storage\\DatabaseEntriesRepository->Laravel\\Telescope\\Storage\\{closure}(Object(Laravel\\Telescope\\IncomingExceptionEntry), 2)
#13 /Users/pisey/Documents/001-Pisey/001-Projects/002-Laravel/projects/laravelDaily/laravel-api-flutter/laravel-api/vendor/laravel/framework/src/Illuminate/Collections/Arr.php(609): array_map(Object(Closure), Array, Array)
#14 /Users/pisey/Documents/001-Pisey/001-Projects/002-Laravel/projects/laravelDaily/laravel-api-flutter/laravel-api/vendor/laravel/framework/src/Illuminate/Collections/Collection.php(800): Illuminate\\Support\\Arr::map(Array, Object(Closure))
#15 /Users/pisey/Documents/001-Pisey/001-Projects/002-Laravel/projects/laravelDaily/laravel-api-flutter/laravel-api/vendor/laravel/telescope/src/Storage/DatabaseEntriesRepository.php(164): Illuminate\\Support\\Collection->map(Object(Closure))
#16 /Users/pisey/Documents/001-Pisey/001-Projects/002-Laravel/projects/laravelDaily/laravel-api-flutter/laravel-api/vendor/laravel/framework/src/Illuminate/Collections/Traits/EnumeratesValues.php(261): Laravel\\Telescope\\Storage\\DatabaseEntriesRepository->Laravel\\Telescope\\Storage\\{closure}(Object(Illuminate\\Support\\Collection), 0)
#17 /Users/pisey/Documents/001-Pisey/001-Projects/002-Laravel/projects/laravelDaily/laravel-api-flutter/laravel-api/vendor/laravel/telescope/src/Storage/DatabaseEntriesRepository.php(163): Illuminate\\Support\\Collection->each(Object(Closure))
#18 /Users/pisey/Documents/001-Pisey/001-Projects/002-Laravel/projects/laravelDaily/laravel-api-flutter/laravel-api/vendor/laravel/telescope/src/Storage/DatabaseEntriesRepository.php(140): Laravel\\Telescope\\Storage\\DatabaseEntriesRepository->storeExceptions(Object(Illuminate\\Support\\Collection))
#19 /Users/pisey/Documents/001-Pisey/001-Projects/002-Laravel/projects/laravelDaily/laravel-api-flutter/laravel-api/vendor/laravel/telescope/src/Telescope.php(661): Laravel\\Telescope\\Storage\\DatabaseEntriesRepository->store(Object(Illuminate\\Support\\Collection))
#20 [internal function]: Laravel\\Telescope\\Telescope::Laravel\\Telescope\\{closure}()
#21 /Users/pisey/Documents/001-Pisey/001-Projects/002-Laravel/projects/laravelDaily/laravel-api-flutter/laravel-api/vendor/laravel/telescope/src/Telescope.php(286): call_user_func(Object(Closure))
#22 /Users/pisey/Documents/001-Pisey/001-Projects/002-Laravel/projects/laravelDaily/laravel-api-flutter/laravel-api/vendor/laravel/telescope/src/Telescope.php(653): Laravel\\Telescope\\Telescope::withoutRecording(Object(Closure))
#23 /Users/pisey/Documents/001-Pisey/001-Projects/002-Laravel/projects/laravelDaily/laravel-api-flutter/laravel-api/vendor/laravel/telescope/src/ListensForStorageOpportunities.php(65): Laravel\\Telescope\\Telescope::store(Object(Laravel\\Telescope\\Storage\\DatabaseEntriesRepository))
#24 /Users/pisey/Documents/001-Pisey/001-Projects/002-Laravel/projects/laravelDaily/laravel-api-flutter/laravel-api/vendor/laravel/framework/src/Illuminate/Container/BoundMethod.php(36): Laravel\\Telescope\\Telescope::Laravel\\Telescope\\{closure}()
#25 /Users/pisey/Documents/001-Pisey/001-Projects/002-Laravel/projects/laravelDaily/laravel-api-flutter/laravel-api/vendor/laravel/framework/src/Illuminate/Container/Util.php(43): Illuminate\\Container\\BoundMethod::Illuminate\\Container\\{closure}()
#26 /Users/pisey/Documents/001-Pisey/001-Projects/002-Laravel/projects/laravelDaily/laravel-api-flutter/laravel-api/vendor/laravel/framework/src/Illuminate/Container/BoundMethod.php(84): Illuminate\\Container\\Util::unwrapIfClosure(Object(Closure))
#27 /Users/pisey/Documents/001-Pisey/001-Projects/002-Laravel/projects/laravelDaily/laravel-api-flutter/laravel-api/vendor/laravel/framework/src/Illuminate/Container/BoundMethod.php(35): Illuminate\\Container\\BoundMethod::callBoundMethod(Object(Illuminate\\Foundation\\Application), Object(Closure), Object(Closure))
#28 /Users/pisey/Documents/001-Pisey/001-Projects/002-Laravel/projects/laravelDaily/laravel-api-flutter/laravel-api/vendor/laravel/framework/src/Illuminate/Container/Container.php(754): Illuminate\\Container\\BoundMethod::call(Object(Illuminate\\Foundation\\Application), Object(Closure), Array, NULL)
#29 /Users/pisey/Documents/001-Pisey/001-Projects/002-Laravel/projects/laravelDaily/laravel-api-flutter/laravel-api/vendor/laravel/framework/src/Illuminate/Foundation/Application.php(1452): Illuminate\\Container\\Container->call(Object(Closure))
#30 /Users/pisey/Documents/001-Pisey/001-Projects/002-Laravel/projects/laravelDaily/laravel-api-flutter/laravel-api/vendor/laravel/framework/src/Illuminate/Foundation/Console/Kernel.php(219): Illuminate\\Foundation\\Application->terminate()
#31 /Users/pisey/Documents/001-Pisey/001-Projects/002-Laravel/projects/laravelDaily/laravel-api-flutter/laravel-api/vendor/laravel/framework/src/Illuminate/Foundation/Application.php(1240): Illuminate\\Foundation\\Console\\Kernel->terminate(Object(Symfony\\Component\\Console\\Input\\ArgvInput), 1)
#32 /Users/pisey/Documents/001-Pisey/001-Projects/002-Laravel/projects/laravelDaily/laravel-api-flutter/laravel-api/artisan(16): Illuminate\\Foundation\\Application->handleCommand(Object(Symfony\\Component\\Console\\Input\\ArgvInput))
#33 {main}
"} 
[2025-03-26 05:00:24] local.ERROR: No application encryption key has been specified. {"exception":"[object] (Illuminate\\Encryption\\MissingAppKeyException(code: 0): No application encryption key has been specified. at /Users/pisey/Documents/001-Pisey/001-Projects/002-Laravel/projects/laravelDaily/laravel-api-flutter/laravel-api/vendor/laravel/framework/src/Illuminate/Encryption/EncryptionServiceProvider.php:83)
[stacktrace]
#0 /Users/pisey/Documents/001-Pisey/001-Projects/002-Laravel/projects/laravelDaily/laravel-api-flutter/laravel-api/vendor/laravel/framework/src/Illuminate/Support/helpers.php(399): Illuminate\\Encryption\\EncryptionServiceProvider->Illuminate\\Encryption\\{closure}('')
#1 /Users/pisey/Documents/001-Pisey/001-Projects/002-Laravel/projects/laravelDaily/laravel-api-flutter/laravel-api/vendor/laravel/framework/src/Illuminate/Encryption/EncryptionServiceProvider.php(81): tap('', Object(Closure))
#2 /Users/pisey/Documents/001-Pisey/001-Projects/002-Laravel/projects/laravelDaily/laravel-api-flutter/laravel-api/vendor/laravel/framework/src/Illuminate/Encryption/EncryptionServiceProvider.php(64): Illuminate\\Encryption\\EncryptionServiceProvider->key(Array)
#3 /Users/pisey/Documents/001-Pisey/001-Projects/002-Laravel/projects/laravelDaily/laravel-api-flutter/laravel-api/vendor/laravel/framework/src/Illuminate/Encryption/EncryptionServiceProvider.php(32): Illuminate\\Encryption\\EncryptionServiceProvider->parseKey(Array)
#4 /Users/pisey/Documents/001-Pisey/001-Projects/002-Laravel/projects/laravelDaily/laravel-api-flutter/laravel-api/vendor/laravel/framework/src/Illuminate/Container/Container.php(1010): Illuminate\\Encryption\\EncryptionServiceProvider->Illuminate\\Encryption\\{closure}(Object(Illuminate\\Foundation\\Application), Array)
#5 /Users/pisey/Documents/001-Pisey/001-Projects/002-Laravel/projects/laravelDaily/laravel-api-flutter/laravel-api/vendor/laravel/framework/src/Illuminate/Container/Container.php(890): Illuminate\\Container\\Container->build(Object(Closure))
#6 /Users/pisey/Documents/001-Pisey/001-Projects/002-Laravel/projects/laravelDaily/laravel-api-flutter/laravel-api/vendor/laravel/framework/src/Illuminate/Foundation/Application.php(1078): Illuminate\\Container\\Container->resolve('encrypter', Array, true)
#7 /Users/pisey/Documents/001-Pisey/001-Projects/002-Laravel/projects/laravelDaily/laravel-api-flutter/laravel-api/vendor/laravel/framework/src/Illuminate/Container/Container.php(821): Illuminate\\Foundation\\Application->resolve('encrypter', Array)
#8 /Users/pisey/Documents/001-Pisey/001-Projects/002-Laravel/projects/laravelDaily/laravel-api-flutter/laravel-api/vendor/laravel/framework/src/Illuminate/Foundation/Application.php(1058): Illuminate\\Container\\Container->make('encrypter', Array)
#9 /Users/pisey/Documents/001-Pisey/001-Projects/002-Laravel/projects/laravelDaily/laravel-api-flutter/laravel-api/vendor/laravel/framework/src/Illuminate/Container/Container.php(1194): Illuminate\\Foundation\\Application->make('encrypter')
#10 /Users/pisey/Documents/001-Pisey/001-Projects/002-Laravel/projects/laravelDaily/laravel-api-flutter/laravel-api/vendor/laravel/framework/src/Illuminate/Container/Container.php(1101): Illuminate\\Container\\Container->resolveClass(Object(ReflectionParameter))
#11 /Users/pisey/Documents/001-Pisey/001-Projects/002-Laravel/projects/laravelDaily/laravel-api-flutter/laravel-api/vendor/laravel/framework/src/Illuminate/Container/Container.php(1052): Illuminate\\Container\\Container->resolveDependencies(Array)
#12 /Users/pisey/Documents/001-Pisey/001-Projects/002-Laravel/projects/laravelDaily/laravel-api-flutter/laravel-api/vendor/laravel/framework/src/Illuminate/Container/Container.php(890): Illuminate\\Container\\Container->build('Illuminate\\\\Cook...')
#13 /Users/pisey/Documents/001-Pisey/001-Projects/002-Laravel/projects/laravelDaily/laravel-api-flutter/laravel-api/vendor/laravel/framework/src/Illuminate/Foundation/Application.php(1078): Illuminate\\Container\\Container->resolve('Illuminate\\\\Cook...', Array, true)
#14 /Users/pisey/Documents/001-Pisey/001-Projects/002-Laravel/projects/laravelDaily/laravel-api-flutter/laravel-api/vendor/laravel/framework/src/Illuminate/Container/Container.php(821): Illuminate\\Foundation\\Application->resolve('Illuminate\\\\Cook...', Array)
#15 /Users/pisey/Documents/001-Pisey/001-Projects/002-Laravel/projects/laravelDaily/laravel-api-flutter/laravel-api/vendor/laravel/framework/src/Illuminate/Foundation/Application.php(1058): Illuminate\\Container\\Container->make('Illuminate\\\\Cook...', Array)
#16 /Users/pisey/Documents/001-Pisey/001-Projects/002-Laravel/projects/laravelDaily/laravel-api-flutter/laravel-api/vendor/laravel/framework/src/Illuminate/Pipeline/Pipeline.php(198): Illuminate\\Foundation\\Application->make('Illuminate\\\\Cook...')
#17 /Users/pisey/Documents/001-Pisey/001-Projects/002-Laravel/projects/laravelDaily/laravel-api-flutter/laravel-api/vendor/laravel/framework/src/Illuminate/Pipeline/Pipeline.php(127): Illuminate\\Pipeline\\Pipeline->Illuminate\\Pipeline\\{closure}(Object(Illuminate\\Http\\Request))
#18 /Users/pisey/Documents/001-Pisey/001-Projects/002-Laravel/projects/laravelDaily/laravel-api-flutter/laravel-api/vendor/laravel/framework/src/Illuminate/Routing/Router.php(808): Illuminate\\Pipeline\\Pipeline->then(Object(Closure))
#19 /Users/pisey/Documents/001-Pisey/001-Projects/002-Laravel/projects/laravelDaily/laravel-api-flutter/laravel-api/vendor/laravel/framework/src/Illuminate/Routing/Router.php(787): Illuminate\\Routing\\Router->runRouteWithinStack(Object(Illuminate\\Routing\\Route), Object(Illuminate\\Http\\Request))
#20 /Users/pisey/Documents/001-Pisey/001-Projects/002-Laravel/projects/laravelDaily/laravel-api-flutter/laravel-api/vendor/laravel/framework/src/Illuminate/Routing/Router.php(751): Illuminate\\Routing\\Router->runRoute(Object(Illuminate\\Http\\Request), Object(Illuminate\\Routing\\Route))
#21 /Users/pisey/Documents/001-Pisey/001-Projects/002-Laravel/projects/laravelDaily/laravel-api-flutter/laravel-api/vendor/laravel/framework/src/Illuminate/Routing/Router.php(740): Illuminate\\Routing\\Router->dispatchToRoute(Object(Illuminate\\Http\\Request))
#22 /Users/pisey/Documents/001-Pisey/001-Projects/002-Laravel/projects/laravelDaily/laravel-api-flutter/laravel-api/vendor/laravel/framework/src/Illuminate/Foundation/Http/Kernel.php(201): Illuminate\\Routing\\Router->dispatch(Object(Illuminate\\Http\\Request))
#23 /Users/pisey/Documents/001-Pisey/001-Projects/002-Laravel/projects/laravelDaily/laravel-api-flutter/laravel-api/vendor/laravel/framework/src/Illuminate/Pipeline/Pipeline.php(170): Illuminate\\Foundation\\Http\\Kernel->Illuminate\\Foundation\\Http\\{closure}(Object(Illuminate\\Http\\Request))
#24 /Users/pisey/Documents/001-Pisey/001-Projects/002-Laravel/projects/laravelDaily/laravel-api-flutter/laravel-api/vendor/laravel/framework/src/Illuminate/Foundation/Http/Middleware/TransformsRequest.php(21): Illuminate\\Pipeline\\Pipeline->Illuminate\\Pipeline\\{closure}(Object(Illuminate\\Http\\Request))
#25 /Users/pisey/Documents/001-Pisey/001-Projects/002-Laravel/projects/laravelDaily/laravel-api-flutter/laravel-api/vendor/laravel/framework/src/Illuminate/Foundation/Http/Middleware/ConvertEmptyStringsToNull.php(31): Illuminate\\Foundation\\Http\\Middleware\\TransformsRequest->handle(Object(Illuminate\\Http\\Request), Object(Closure))
#26 /Users/pisey/Documents/001-Pisey/001-Projects/002-Laravel/projects/laravelDaily/laravel-api-flutter/laravel-api/vendor/laravel/framework/src/Illuminate/Pipeline/Pipeline.php(209): Illuminate\\Foundation\\Http\\Middleware\\ConvertEmptyStringsToNull->handle(Object(Illuminate\\Http\\Request), Object(Closure))
#27 /Users/pisey/Documents/001-Pisey/001-Projects/002-Laravel/projects/laravelDaily/laravel-api-flutter/laravel-api/vendor/laravel/framework/src/Illuminate/Foundation/Http/Middleware/TransformsRequest.php(21): Illuminate\\Pipeline\\Pipeline->Illuminate\\Pipeline\\{closure}(Object(Illuminate\\Http\\Request))
#28 /Users/pisey/Documents/001-Pisey/001-Projects/002-Laravel/projects/laravelDaily/laravel-api-flutter/laravel-api/vendor/laravel/framework/src/Illuminate/Foundation/Http/Middleware/TrimStrings.php(51): Illuminate\\Foundation\\Http\\Middleware\\TransformsRequest->handle(Object(Illuminate\\Http\\Request), Object(Closure))
#29 /Users/pisey/Documents/001-Pisey/001-Projects/002-Laravel/projects/laravelDaily/laravel-api-flutter/laravel-api/vendor/laravel/framework/src/Illuminate/Pipeline/Pipeline.php(209): Illuminate\\Foundation\\Http\\Middleware\\TrimStrings->handle(Object(Illuminate\\Http\\Request), Object(Closure))
#30 /Users/pisey/Documents/001-Pisey/001-Projects/002-Laravel/projects/laravelDaily/laravel-api-flutter/laravel-api/vendor/laravel/framework/src/Illuminate/Http/Middleware/ValidatePostSize.php(27): Illuminate\\Pipeline\\Pipeline->Illuminate\\Pipeline\\{closure}(Object(Illuminate\\Http\\Request))
#31 /Users/pisey/Documents/001-Pisey/001-Projects/002-Laravel/projects/laravelDaily/laravel-api-flutter/laravel-api/vendor/laravel/framework/src/Illuminate/Pipeline/Pipeline.php(209): Illuminate\\Http\\Middleware\\ValidatePostSize->handle(Object(Illuminate\\Http\\Request), Object(Closure))
#32 /Users/pisey/Documents/001-Pisey/001-Projects/002-Laravel/projects/laravelDaily/laravel-api-flutter/laravel-api/vendor/laravel/framework/src/Illuminate/Foundation/Http/Middleware/PreventRequestsDuringMaintenance.php(110): Illuminate\\Pipeline\\Pipeline->Illuminate\\Pipeline\\{closure}(Object(Illuminate\\Http\\Request))
#33 /Users/pisey/Documents/001-Pisey/001-Projects/002-Laravel/projects/laravelDaily/laravel-api-flutter/laravel-api/vendor/laravel/framework/src/Illuminate/Pipeline/Pipeline.php(209): Illuminate\\Foundation\\Http\\Middleware\\PreventRequestsDuringMaintenance->handle(Object(Illuminate\\Http\\Request), Object(Closure))
#34 /Users/pisey/Documents/001-Pisey/001-Projects/002-Laravel/projects/laravelDaily/laravel-api-flutter/laravel-api/vendor/laravel/framework/src/Illuminate/Http/Middleware/HandleCors.php(49): Illuminate\\Pipeline\\Pipeline->Illuminate\\Pipeline\\{closure}(Object(Illuminate\\Http\\Request))
#35 /Users/pisey/Documents/001-Pisey/001-Projects/002-Laravel/projects/laravelDaily/laravel-api-flutter/laravel-api/vendor/laravel/framework/src/Illuminate/Pipeline/Pipeline.php(209): Illuminate\\Http\\Middleware\\HandleCors->handle(Object(Illuminate\\Http\\Request), Object(Closure))
#36 /Users/pisey/Documents/001-Pisey/001-Projects/002-Laravel/projects/laravelDaily/laravel-api-flutter/laravel-api/vendor/laravel/framework/src/Illuminate/Http/Middleware/TrustProxies.php(58): Illuminate\\Pipeline\\Pipeline->Illuminate\\Pipeline\\{closure}(Object(Illuminate\\Http\\Request))
#37 /Users/pisey/Documents/001-Pisey/001-Projects/002-Laravel/projects/laravelDaily/laravel-api-flutter/laravel-api/vendor/laravel/framework/src/Illuminate/Pipeline/Pipeline.php(209): Illuminate\\Http\\Middleware\\TrustProxies->handle(Object(Illuminate\\Http\\Request), Object(Closure))
#38 /Users/pisey/Documents/001-Pisey/001-Projects/002-Laravel/projects/laravelDaily/laravel-api-flutter/laravel-api/vendor/laravel/framework/src/Illuminate/Foundation/Http/Middleware/InvokeDeferredCallbacks.php(22): Illuminate\\Pipeline\\Pipeline->Illuminate\\Pipeline\\{closure}(Object(Illuminate\\Http\\Request))
#39 /Users/pisey/Documents/001-Pisey/001-Projects/002-Laravel/projects/laravelDaily/laravel-api-flutter/laravel-api/vendor/laravel/framework/src/Illuminate/Pipeline/Pipeline.php(209): Illuminate\\Foundation\\Http\\Middleware\\InvokeDeferredCallbacks->handle(Object(Illuminate\\Http\\Request), Object(Closure))
#40 /Users/pisey/Documents/001-Pisey/001-Projects/002-Laravel/projects/laravelDaily/laravel-api-flutter/laravel-api/vendor/laravel/framework/src/Illuminate/Http/Middleware/ValidatePathEncoding.php(26): Illuminate\\Pipeline\\Pipeline->Illuminate\\Pipeline\\{closure}(Object(Illuminate\\Http\\Request))
#41 /Users/pisey/Documents/001-Pisey/001-Projects/002-Laravel/projects/laravelDaily/laravel-api-flutter/laravel-api/vendor/laravel/framework/src/Illuminate/Pipeline/Pipeline.php(209): Illuminate\\Http\\Middleware\\ValidatePathEncoding->handle(Object(Illuminate\\Http\\Request), Object(Closure))
#42 /Users/pisey/Documents/001-Pisey/001-Projects/002-Laravel/projects/laravelDaily/laravel-api-flutter/laravel-api/vendor/laravel/framework/src/Illuminate/Pipeline/Pipeline.php(127): Illuminate\\Pipeline\\Pipeline->Illuminate\\Pipeline\\{closure}(Object(Illuminate\\Http\\Request))
#43 /Users/pisey/Documents/001-Pisey/001-Projects/002-Laravel/projects/laravelDaily/laravel-api-flutter/laravel-api/vendor/laravel/framework/src/Illuminate/Foundation/Http/Kernel.php(176): Illuminate\\Pipeline\\Pipeline->then(Object(Closure))
#44 /Users/pisey/Documents/001-Pisey/001-Projects/002-Laravel/projects/laravelDaily/laravel-api-flutter/laravel-api/vendor/laravel/framework/src/Illuminate/Foundation/Http/Kernel.php(145): Illuminate\\Foundation\\Http\\Kernel->sendRequestThroughRouter(Object(Illuminate\\Http\\Request))
#45 /Users/pisey/Documents/001-Pisey/001-Projects/002-Laravel/projects/laravelDaily/laravel-api-flutter/laravel-api/vendor/laravel/framework/src/Illuminate/Foundation/Application.php(1220): Illuminate\\Foundation\\Http\\Kernel->handle(Object(Illuminate\\Http\\Request))
#46 /Users/pisey/Documents/001-Pisey/001-Projects/002-Laravel/projects/laravelDaily/laravel-api-flutter/laravel-api/public/index.php(20): Illuminate\\Foundation\\Application->handleRequest(Object(Illuminate\\Http\\Request))
#47 /Users/pisey/Documents/001-Pisey/001-Projects/002-Laravel/projects/laravelDaily/laravel-api-flutter/laravel-api/vendor/laravel/framework/src/Illuminate/Foundation/resources/server.php(23): require_once('/Users/pisey/Do...')
#48 {main}
"} 
[2025-03-26 05:00:24] local.ERROR: No application encryption key has been specified. {"exception":"[object] (Illuminate\\Encryption\\MissingAppKeyException(code: 0): No application encryption key has been specified. at /Users/pisey/Documents/001-Pisey/001-Projects/002-Laravel/projects/laravelDaily/laravel-api-flutter/laravel-api/vendor/laravel/framework/src/Illuminate/Encryption/EncryptionServiceProvider.php:83)
[stacktrace]
#0 /Users/pisey/Documents/001-Pisey/001-Projects/002-Laravel/projects/laravelDaily/laravel-api-flutter/laravel-api/vendor/laravel/framework/src/Illuminate/Support/helpers.php(399): Illuminate\\Encryption\\EncryptionServiceProvider->Illuminate\\Encryption\\{closure}('')
#1 /Users/pisey/Documents/001-Pisey/001-Projects/002-Laravel/projects/laravelDaily/laravel-api-flutter/laravel-api/vendor/laravel/framework/src/Illuminate/Encryption/EncryptionServiceProvider.php(81): tap('', Object(Closure))
#2 /Users/pisey/Documents/001-Pisey/001-Projects/002-Laravel/projects/laravelDaily/laravel-api-flutter/laravel-api/vendor/laravel/framework/src/Illuminate/Encryption/EncryptionServiceProvider.php(64): Illuminate\\Encryption\\EncryptionServiceProvider->key(Array)
#3 /Users/pisey/Documents/001-Pisey/001-Projects/002-Laravel/projects/laravelDaily/laravel-api-flutter/laravel-api/vendor/laravel/framework/src/Illuminate/Encryption/EncryptionServiceProvider.php(32): Illuminate\\Encryption\\EncryptionServiceProvider->parseKey(Array)
#4 /Users/pisey/Documents/001-Pisey/001-Projects/002-Laravel/projects/laravelDaily/laravel-api-flutter/laravel-api/vendor/laravel/framework/src/Illuminate/Container/Container.php(1010): Illuminate\\Encryption\\EncryptionServiceProvider->Illuminate\\Encryption\\{closure}(Object(Illuminate\\Foundation\\Application), Array)
#5 /Users/pisey/Documents/001-Pisey/001-Projects/002-Laravel/projects/laravelDaily/laravel-api-flutter/laravel-api/vendor/laravel/framework/src/Illuminate/Container/Container.php(890): Illuminate\\Container\\Container->build(Object(Closure))
#6 /Users/pisey/Documents/001-Pisey/001-Projects/002-Laravel/projects/laravelDaily/laravel-api-flutter/laravel-api/vendor/laravel/framework/src/Illuminate/Foundation/Application.php(1078): Illuminate\\Container\\Container->resolve('encrypter', Array, true)
#7 /Users/pisey/Documents/001-Pisey/001-Projects/002-Laravel/projects/laravelDaily/laravel-api-flutter/laravel-api/vendor/laravel/framework/src/Illuminate/Container/Container.php(821): Illuminate\\Foundation\\Application->resolve('encrypter', Array)
#8 /Users/pisey/Documents/001-Pisey/001-Projects/002-Laravel/projects/laravelDaily/laravel-api-flutter/laravel-api/vendor/laravel/framework/src/Illuminate/Foundation/Application.php(1058): Illuminate\\Container\\Container->make('encrypter', Array)
#9 /Users/pisey/Documents/001-Pisey/001-Projects/002-Laravel/projects/laravelDaily/laravel-api-flutter/laravel-api/vendor/laravel/framework/src/Illuminate/Container/Container.php(1194): Illuminate\\Foundation\\Application->make('encrypter')
#10 /Users/pisey/Documents/001-Pisey/001-Projects/002-Laravel/projects/laravelDaily/laravel-api-flutter/laravel-api/vendor/laravel/framework/src/Illuminate/Container/Container.php(1101): Illuminate\\Container\\Container->resolveClass(Object(ReflectionParameter))
#11 /Users/pisey/Documents/001-Pisey/001-Projects/002-Laravel/projects/laravelDaily/laravel-api-flutter/laravel-api/vendor/laravel/framework/src/Illuminate/Container/Container.php(1052): Illuminate\\Container\\Container->resolveDependencies(Array)
#12 /Users/pisey/Documents/001-Pisey/001-Projects/002-Laravel/projects/laravelDaily/laravel-api-flutter/laravel-api/vendor/laravel/framework/src/Illuminate/Container/Container.php(890): Illuminate\\Container\\Container->build('Illuminate\\\\Cook...')
#13 /Users/pisey/Documents/001-Pisey/001-Projects/002-Laravel/projects/laravelDaily/laravel-api-flutter/laravel-api/vendor/laravel/framework/src/Illuminate/Foundation/Application.php(1078): Illuminate\\Container\\Container->resolve('Illuminate\\\\Cook...', Array, true)
#14 /Users/pisey/Documents/001-Pisey/001-Projects/002-Laravel/projects/laravelDaily/laravel-api-flutter/laravel-api/vendor/laravel/framework/src/Illuminate/Container/Container.php(821): Illuminate\\Foundation\\Application->resolve('Illuminate\\\\Cook...', Array)
#15 /Users/pisey/Documents/001-Pisey/001-Projects/002-Laravel/projects/laravelDaily/laravel-api-flutter/laravel-api/vendor/laravel/framework/src/Illuminate/Foundation/Application.php(1058): Illuminate\\Container\\Container->make('Illuminate\\\\Cook...', Array)
#16 /Users/pisey/Documents/001-Pisey/001-Projects/002-Laravel/projects/laravelDaily/laravel-api-flutter/laravel-api/vendor/laravel/framework/src/Illuminate/Foundation/Http/Kernel.php(258): Illuminate\\Foundation\\Application->make('Illuminate\\\\Cook...')
#17 /Users/pisey/Documents/001-Pisey/001-Projects/002-Laravel/projects/laravelDaily/laravel-api-flutter/laravel-api/vendor/laravel/framework/src/Illuminate/Foundation/Http/Kernel.php(216): Illuminate\\Foundation\\Http\\Kernel->terminateMiddleware(Object(Illuminate\\Http\\Request), Object(Illuminate\\Http\\Response))
#18 /Users/pisey/Documents/001-Pisey/001-Projects/002-Laravel/projects/laravelDaily/laravel-api-flutter/laravel-api/vendor/laravel/framework/src/Illuminate/Foundation/Application.php(1222): Illuminate\\Foundation\\Http\\Kernel->terminate(Object(Illuminate\\Http\\Request), Object(Illuminate\\Http\\Response))
#19 /Users/pisey/Documents/001-Pisey/001-Projects/002-Laravel/projects/laravelDaily/laravel-api-flutter/laravel-api/public/index.php(20): Illuminate\\Foundation\\Application->handleRequest(Object(Illuminate\\Http\\Request))
#20 /Users/pisey/Documents/001-Pisey/001-Projects/002-Laravel/projects/laravelDaily/laravel-api-flutter/laravel-api/vendor/laravel/framework/src/Illuminate/Foundation/resources/server.php(23): require_once('/Users/pisey/Do...')
#21 {main}
"} 
